2020-11-14 23:18:27,166:INFO: Loading the datasets...
2020-11-14 23:18:27,603:INFO: - done.
2020-11-14 23:21:46,117:INFO: Loading the datasets...
2020-11-14 23:21:46,524:INFO: - done.
2020-11-14 23:21:49,883:INFO: Starting training for 20 epoch(s)
2020-11-14 23:21:49,884:INFO: Epoch 1/20
2020-11-14 23:42:39,591:INFO: Loading the datasets...
2020-11-14 23:42:39,982:INFO: - done.
2020-11-14 23:42:43,398:INFO: Starting training for 20 epoch(s)
2020-11-14 23:42:43,398:INFO: Epoch 1/20
2020-11-14 23:44:36,974:INFO: Loading the datasets...
2020-11-14 23:44:37,376:INFO: - done.
2020-11-14 23:44:40,907:INFO: Starting training for 20 epoch(s)
2020-11-14 23:44:40,908:INFO: Epoch 1/20
2020-11-14 23:46:37,044:INFO: Loading the datasets...
2020-11-14 23:46:37,441:INFO: - done.
2020-11-14 23:46:40,782:INFO: Starting training for 20 epoch(s)
2020-11-14 23:46:40,783:INFO: Epoch 1/20
2020-11-14 23:48:32,024:INFO: Loading the datasets...
2020-11-14 23:48:32,432:INFO: - done.
2020-11-14 23:48:35,788:INFO: Starting training for 20 epoch(s)
2020-11-14 23:48:35,789:INFO: Epoch 1/20
2020-11-14 23:52:54,553:INFO: Loading the datasets...
2020-11-14 23:52:54,948:INFO: - done.
2020-11-14 23:52:58,524:INFO: Starting training for 20 epoch(s)
2020-11-14 23:52:58,525:INFO: Epoch 1/20
2020-11-14 23:57:21,807:INFO: Loading the datasets...
2020-11-14 23:57:22,226:INFO: - done.
2020-11-14 23:57:25,758:INFO: Starting training for 20 epoch(s)
2020-11-14 23:57:25,759:INFO: Epoch 1/20
2020-11-15 00:05:06,669:INFO: Loading the datasets...
2020-11-15 00:05:07,053:INFO: - done.
2020-11-15 00:05:10,562:INFO: Starting training for 20 epoch(s)
2020-11-15 00:05:10,562:INFO: Epoch 1/20
2020-11-15 00:08:02,797:INFO: Loading the datasets...
2020-11-15 00:08:03,202:INFO: - done.
2020-11-15 00:08:06,618:INFO: Starting training for 20 epoch(s)
2020-11-15 00:08:06,618:INFO: Epoch 1/20
2020-11-15 00:09:16,726:INFO: Loading the datasets...
2020-11-15 00:09:17,112:INFO: - done.
2020-11-15 00:09:20,632:INFO: Starting training for 20 epoch(s)
2020-11-15 00:09:20,633:INFO: Epoch 1/20
2020-11-15 00:22:19,311:INFO: Loading the datasets...
2020-11-15 00:22:19,697:INFO: - done.
2020-11-15 00:22:23,063:INFO: Starting training for 20 epoch(s)
2020-11-15 00:22:23,063:INFO: Epoch 1/20
2020-11-15 00:27:20,092:INFO: Loading the datasets...
2020-11-15 00:27:20,491:INFO: - done.
2020-11-15 00:27:24,051:INFO: Starting training for 20 epoch(s)
2020-11-15 00:27:24,051:INFO: Epoch 1/20
2020-11-15 00:27:28,265:INFO: - Train metrics: accuracy: 0.230 ; loss: 2.056
2020-11-15 00:27:28,675:INFO: - Eval metrics : accuracy: 0.275 ; loss: 2.012
2020-11-15 00:27:28,678:INFO: - Found new best accuracy
2020-11-15 00:27:28,678:INFO: Epoch 2/20
2020-11-15 00:27:32,796:INFO: - Train metrics: accuracy: 0.300 ; loss: 1.898
2020-11-15 00:27:33,173:INFO: - Eval metrics : accuracy: 0.275 ; loss: 1.991
2020-11-15 00:27:33,177:INFO: - Found new best accuracy
2020-11-15 00:27:33,179:INFO: Epoch 3/20
2020-11-15 00:27:37,303:INFO: - Train metrics: accuracy: 0.300 ; loss: 1.878
2020-11-15 00:27:37,685:INFO: - Eval metrics : accuracy: 0.275 ; loss: 1.989
2020-11-15 00:27:37,691:INFO: - Found new best accuracy
2020-11-15 00:27:37,691:INFO: Epoch 4/20
2020-11-15 00:27:41,799:INFO: - Train metrics: accuracy: 0.300 ; loss: 1.873
2020-11-15 00:27:42,181:INFO: - Eval metrics : accuracy: 0.275 ; loss: 1.989
2020-11-15 00:27:42,185:INFO: - Found new best accuracy
2020-11-15 00:27:42,187:INFO: Epoch 5/20
2020-11-15 00:27:46,309:INFO: - Train metrics: accuracy: 0.300 ; loss: 1.871
2020-11-15 00:27:46,691:INFO: - Eval metrics : accuracy: 0.275 ; loss: 1.989
2020-11-15 00:27:46,696:INFO: - Found new best accuracy
2020-11-15 00:27:46,696:INFO: Epoch 6/20
2020-11-15 00:27:50,986:INFO: - Train metrics: accuracy: 0.300 ; loss: 1.871
2020-11-15 00:27:51,427:INFO: - Eval metrics : accuracy: 0.275 ; loss: 1.989
2020-11-15 00:27:51,431:INFO: - Found new best accuracy
2020-11-15 00:27:51,433:INFO: Epoch 7/20
2020-11-15 00:27:56,262:INFO: - Train metrics: accuracy: 0.300 ; loss: 1.870
2020-11-15 00:27:56,644:INFO: - Eval metrics : accuracy: 0.275 ; loss: 1.989
2020-11-15 00:27:56,649:INFO: - Found new best accuracy
2020-11-15 00:27:56,651:INFO: Epoch 8/20
2020-11-15 00:28:00,780:INFO: - Train metrics: accuracy: 0.300 ; loss: 1.870
2020-11-15 00:28:01,161:INFO: - Eval metrics : accuracy: 0.275 ; loss: 1.989
2020-11-15 00:28:01,165:INFO: - Found new best accuracy
2020-11-15 00:28:01,167:INFO: Epoch 9/20
2020-11-15 00:28:05,266:INFO: - Train metrics: accuracy: 0.300 ; loss: 1.870
2020-11-15 00:28:05,642:INFO: - Eval metrics : accuracy: 0.275 ; loss: 1.989
2020-11-15 00:28:05,647:INFO: - Found new best accuracy
2020-11-15 00:28:05,648:INFO: Epoch 10/20
2020-11-15 00:28:09,754:INFO: - Train metrics: accuracy: 0.300 ; loss: 1.870
2020-11-15 00:28:10,134:INFO: - Eval metrics : accuracy: 0.275 ; loss: 1.989
2020-11-15 00:28:10,140:INFO: - Found new best accuracy
2020-11-15 00:28:10,140:INFO: Epoch 11/20
2020-11-15 00:28:14,260:INFO: - Train metrics: accuracy: 0.300 ; loss: 1.870
2020-11-15 00:28:14,640:INFO: - Eval metrics : accuracy: 0.275 ; loss: 1.989
2020-11-15 00:28:14,644:INFO: - Found new best accuracy
2020-11-15 00:28:14,645:INFO: Epoch 12/20
2020-11-15 00:28:18,763:INFO: - Train metrics: accuracy: 0.300 ; loss: 1.870
2020-11-15 00:28:19,085:INFO: - Eval metrics : accuracy: 0.275 ; loss: 1.989
2020-11-15 00:28:19,090:INFO: - Found new best accuracy
2020-11-15 00:28:19,092:INFO: Epoch 13/20
2020-11-15 00:28:23,510:INFO: - Train metrics: accuracy: 0.300 ; loss: 1.870
2020-11-15 00:28:23,821:INFO: - Eval metrics : accuracy: 0.275 ; loss: 1.989
2020-11-15 00:28:23,826:INFO: - Found new best accuracy
2020-11-15 00:28:23,827:INFO: Epoch 14/20
2020-11-15 00:28:28,349:INFO: - Train metrics: accuracy: 0.300 ; loss: 1.870
2020-11-15 00:28:28,658:INFO: - Eval metrics : accuracy: 0.275 ; loss: 1.989
2020-11-15 00:28:28,662:INFO: - Found new best accuracy
2020-11-15 00:28:28,662:INFO: Epoch 15/20
2020-11-15 00:28:33,171:INFO: - Train metrics: accuracy: 0.300 ; loss: 1.870
2020-11-15 00:28:33,483:INFO: - Eval metrics : accuracy: 0.275 ; loss: 1.989
2020-11-15 00:28:33,486:INFO: - Found new best accuracy
2020-11-15 00:28:33,488:INFO: Epoch 16/20
2020-11-15 00:28:37,199:INFO: - Train metrics: accuracy: 0.300 ; loss: 1.870
2020-11-15 00:28:37,535:INFO: - Eval metrics : accuracy: 0.275 ; loss: 1.989
2020-11-15 00:28:37,541:INFO: - Found new best accuracy
2020-11-15 00:28:37,541:INFO: Epoch 17/20
2020-11-15 00:28:41,953:INFO: - Train metrics: accuracy: 0.300 ; loss: 1.870
2020-11-15 00:28:42,332:INFO: - Eval metrics : accuracy: 0.275 ; loss: 1.989
2020-11-15 00:28:42,336:INFO: - Found new best accuracy
2020-11-15 00:28:42,337:INFO: Epoch 18/20
2020-11-15 00:28:46,609:INFO: - Train metrics: accuracy: 0.300 ; loss: 1.870
2020-11-15 00:28:46,990:INFO: - Eval metrics : accuracy: 0.275 ; loss: 1.989
2020-11-15 00:28:46,994:INFO: - Found new best accuracy
2020-11-15 00:28:46,996:INFO: Epoch 19/20
2020-11-15 00:28:51,132:INFO: - Train metrics: accuracy: 0.300 ; loss: 1.870
2020-11-15 00:28:51,512:INFO: - Eval metrics : accuracy: 0.275 ; loss: 1.989
2020-11-15 00:28:51,517:INFO: - Found new best accuracy
2020-11-15 00:28:51,517:INFO: Epoch 20/20
2020-11-15 00:28:55,646:INFO: - Train metrics: accuracy: 0.300 ; loss: 1.870
2020-11-15 00:28:56,031:INFO: - Eval metrics : accuracy: 0.275 ; loss: 1.989
2020-11-15 00:28:56,037:INFO: - Found new best accuracy
2020-11-15 00:30:17,000:INFO: Loading the datasets...
2020-11-15 00:30:17,396:INFO: - done.
2020-11-15 00:30:20,807:INFO: Starting training for 20 epoch(s)
2020-11-15 00:30:20,808:INFO: Epoch 1/20
2020-11-15 00:30:25,003:INFO: - Train metrics: accuracy: 0.230 ; loss: 2.056
2020-11-15 00:30:25,320:INFO: - Eval metrics : accuracy: 0.275 ; loss: 2.012
2020-11-15 00:30:25,327:INFO: - Found new best accuracy
2020-11-15 00:30:25,329:INFO: Epoch 2/20
2020-11-15 00:30:30,501:INFO: - Train metrics: accuracy: 0.300 ; loss: 1.898
2020-11-15 00:30:30,815:INFO: - Eval metrics : accuracy: 0.275 ; loss: 1.991
2020-11-15 00:30:30,819:INFO: - Found new best accuracy
2020-11-15 00:30:30,821:INFO: Epoch 3/20
2020-11-15 00:30:36,014:INFO: - Train metrics: accuracy: 0.300 ; loss: 1.878
2020-11-15 00:30:36,362:INFO: - Eval metrics : accuracy: 0.275 ; loss: 1.989
2020-11-15 00:30:36,365:INFO: - Found new best accuracy
2020-11-15 00:30:36,367:INFO: Epoch 4/20
2020-11-15 00:30:40,803:INFO: - Train metrics: accuracy: 0.300 ; loss: 1.873
2020-11-15 00:30:41,124:INFO: - Eval metrics : accuracy: 0.275 ; loss: 1.989
2020-11-15 00:30:41,130:INFO: - Found new best accuracy
2020-11-15 00:30:41,132:INFO: Epoch 5/20
2020-11-15 00:30:45,545:INFO: - Train metrics: accuracy: 0.300 ; loss: 1.871
2020-11-15 00:30:45,851:INFO: - Eval metrics : accuracy: 0.275 ; loss: 1.989
2020-11-15 00:30:45,855:INFO: - Found new best accuracy
2020-11-15 00:30:45,857:INFO: Epoch 6/20
2020-11-15 00:32:55,299:INFO: Loading the datasets...
2020-11-15 00:32:55,728:INFO: - done.
2020-11-15 00:32:59,240:INFO: Starting training for 20 epoch(s)
2020-11-15 00:32:59,240:INFO: Epoch 1/20
2020-11-15 00:33:03,471:INFO: - Train metrics: accuracy: 0.260 ; loss: 2.062
2020-11-15 00:33:03,860:INFO: - Eval metrics : accuracy: 0.275 ; loss: 2.016
2020-11-15 00:33:03,865:INFO: - Found new best accuracy
2020-11-15 00:33:03,867:INFO: Epoch 2/20
2020-11-15 00:33:08,017:INFO: - Train metrics: accuracy: 0.300 ; loss: 1.902
2020-11-15 00:33:08,397:INFO: - Eval metrics : accuracy: 0.275 ; loss: 1.993
2020-11-15 00:33:08,403:INFO: - Found new best accuracy
2020-11-15 00:33:08,405:INFO: Epoch 3/20
2020-11-15 00:33:31,396:INFO: Loading the datasets...
2020-11-15 00:33:31,812:INFO: - done.
2020-11-15 00:33:35,606:INFO: Starting training for 20 epoch(s)
2020-11-15 00:33:35,607:INFO: Epoch 1/20
2020-11-15 00:33:41,019:INFO: - Train metrics: accuracy: 0.260 ; loss: 2.062
2020-11-15 00:33:41,417:INFO: - Eval metrics : accuracy: 0.275 ; loss: 2.016
2020-11-15 00:33:41,421:INFO: - Found new best accuracy
2020-11-15 00:34:09,657:INFO: Loading the datasets...
2020-11-15 00:34:10,115:INFO: - done.
2020-11-15 00:34:13,627:INFO: Starting training for 20 epoch(s)
2020-11-15 00:34:13,627:INFO: Epoch 1/20
2020-11-15 00:34:20,795:INFO: - Train metrics: accuracy: 0.260 ; loss: 2.062
2020-11-15 00:34:21,183:INFO: - Eval metrics : accuracy: 0.275 ; loss: 2.016
2020-11-15 00:34:21,190:INFO: - Found new best accuracy
2020-11-15 00:34:47,500:INFO: Loading the datasets...
2020-11-15 00:34:47,923:INFO: - done.
2020-11-15 00:34:51,446:INFO: Starting training for 20 epoch(s)
2020-11-15 00:34:51,447:INFO: Epoch 1/20
2020-11-15 00:34:55,435:INFO: - Train metrics: accuracy: 0.260 ; loss: 2.062
2020-11-15 00:34:55,805:INFO: - Eval metrics : accuracy: 0.275 ; loss: 2.016
2020-11-15 00:34:55,811:INFO: - Found new best accuracy
2020-11-15 00:34:55,814:INFO: Epoch 2/20
2020-11-15 00:35:00,598:INFO: - Train metrics: accuracy: 0.300 ; loss: 1.902
2020-11-15 00:35:00,966:INFO: - Eval metrics : accuracy: 0.275 ; loss: 1.993
2020-11-15 00:35:00,968:INFO: - Found new best accuracy
2020-11-15 00:35:00,969:INFO: Epoch 3/20
2020-11-15 00:41:11,314:INFO: Loading the datasets...
2020-11-15 00:41:11,712:INFO: - done.
2020-11-15 00:41:15,184:INFO: Starting training for 20 epoch(s)
2020-11-15 00:41:15,185:INFO: Epoch 1/20
2020-11-15 00:41:21,581:INFO: - Train metrics: accuracy: 0.290 ; loss: 2.056
2020-11-15 00:41:21,976:INFO: - Eval metrics : accuracy: 0.275 ; loss: 2.013
2020-11-15 00:41:21,982:INFO: - Found new best accuracy
2020-11-15 00:41:21,983:INFO: Epoch 2/20
2020-11-15 00:41:27,693:INFO: - Train metrics: accuracy: 0.300 ; loss: 1.903
2020-11-15 00:41:28,127:INFO: - Eval metrics : accuracy: 0.275 ; loss: 1.992
2020-11-15 00:41:28,131:INFO: - Found new best accuracy
2020-11-15 00:41:28,133:INFO: Epoch 3/20
2020-11-15 00:41:34,076:INFO: - Train metrics: accuracy: 0.300 ; loss: 1.880
2020-11-15 00:41:34,590:INFO: - Eval metrics : accuracy: 0.275 ; loss: 1.989
2020-11-15 00:41:34,595:INFO: - Found new best accuracy
2020-11-15 00:41:34,597:INFO: Epoch 4/20
2020-11-15 00:41:40,260:INFO: - Train metrics: accuracy: 0.300 ; loss: 1.874
2020-11-15 00:41:40,841:INFO: - Eval metrics : accuracy: 0.275 ; loss: 1.989
2020-11-15 00:41:40,846:INFO: - Found new best accuracy
2020-11-15 00:41:40,848:INFO: Epoch 5/20
2020-11-15 00:41:46,602:INFO: - Train metrics: accuracy: 0.300 ; loss: 1.872
2020-11-15 00:41:47,122:INFO: - Eval metrics : accuracy: 0.275 ; loss: 1.989
2020-11-15 00:41:47,128:INFO: - Found new best accuracy
2020-11-15 00:41:47,130:INFO: Epoch 6/20
2020-11-15 00:41:52,745:INFO: - Train metrics: accuracy: 0.300 ; loss: 1.871
2020-11-15 00:41:53,254:INFO: - Eval metrics : accuracy: 0.275 ; loss: 1.989
2020-11-15 00:41:53,259:INFO: - Found new best accuracy
2020-11-15 00:41:53,261:INFO: Epoch 7/20
2020-11-15 00:41:58,139:INFO: - Train metrics: accuracy: 0.300 ; loss: 1.871
2020-11-15 00:41:58,647:INFO: - Eval metrics : accuracy: 0.275 ; loss: 1.989
2020-11-15 00:41:58,652:INFO: - Found new best accuracy
2020-11-15 00:41:58,652:INFO: Epoch 8/20
2020-11-15 00:42:03,866:INFO: - Train metrics: accuracy: 0.300 ; loss: 1.870
2020-11-15 00:42:04,374:INFO: - Eval metrics : accuracy: 0.275 ; loss: 1.989
2020-11-15 00:42:04,379:INFO: - Found new best accuracy
2020-11-15 00:42:04,379:INFO: Epoch 9/20
2020-11-15 00:42:09,346:INFO: - Train metrics: accuracy: 0.300 ; loss: 1.870
2020-11-15 00:42:09,863:INFO: - Eval metrics : accuracy: 0.275 ; loss: 1.989
2020-11-15 00:42:09,868:INFO: - Found new best accuracy
2020-11-15 00:42:09,868:INFO: Epoch 10/20
2020-11-15 00:42:15,074:INFO: - Train metrics: accuracy: 0.300 ; loss: 1.870
2020-11-15 00:42:15,582:INFO: - Eval metrics : accuracy: 0.275 ; loss: 1.989
2020-11-15 00:42:15,587:INFO: - Found new best accuracy
2020-11-15 00:42:15,589:INFO: Epoch 11/20
2020-11-15 00:42:21,484:INFO: - Train metrics: accuracy: 0.300 ; loss: 1.870
2020-11-15 00:42:21,996:INFO: - Eval metrics : accuracy: 0.275 ; loss: 1.989
2020-11-15 00:42:22,001:INFO: - Found new best accuracy
2020-11-15 00:42:22,001:INFO: Epoch 12/20
2020-11-15 00:42:27,165:INFO: - Train metrics: accuracy: 0.300 ; loss: 1.870
2020-11-15 00:42:27,670:INFO: - Eval metrics : accuracy: 0.275 ; loss: 1.989
2020-11-15 00:42:27,674:INFO: - Found new best accuracy
2020-11-15 00:42:27,675:INFO: Epoch 13/20
2020-11-15 00:42:32,749:INFO: - Train metrics: accuracy: 0.300 ; loss: 1.870
2020-11-15 00:42:33,260:INFO: - Eval metrics : accuracy: 0.275 ; loss: 1.989
2020-11-15 00:42:33,265:INFO: - Found new best accuracy
2020-11-15 00:42:33,267:INFO: Epoch 14/20
2020-11-15 00:42:38,111:INFO: - Train metrics: accuracy: 0.300 ; loss: 1.870
2020-11-15 00:42:38,551:INFO: - Eval metrics : accuracy: 0.275 ; loss: 1.989
2020-11-15 00:42:38,556:INFO: - Found new best accuracy
2020-11-15 00:42:38,556:INFO: Epoch 15/20
2020-11-15 00:42:43,361:INFO: - Train metrics: accuracy: 0.300 ; loss: 1.870
2020-11-15 00:42:43,866:INFO: - Eval metrics : accuracy: 0.275 ; loss: 1.989
2020-11-15 00:42:43,871:INFO: - Found new best accuracy
2020-11-15 00:42:43,873:INFO: Epoch 16/20
2020-11-15 00:42:49,321:INFO: - Train metrics: accuracy: 0.300 ; loss: 1.870
2020-11-15 00:42:49,823:INFO: - Eval metrics : accuracy: 0.275 ; loss: 1.989
2020-11-15 00:42:49,828:INFO: - Found new best accuracy
2020-11-15 00:42:49,830:INFO: Epoch 17/20
2020-11-15 00:42:54,610:INFO: - Train metrics: accuracy: 0.300 ; loss: 1.870
2020-11-15 00:42:55,121:INFO: - Eval metrics : accuracy: 0.275 ; loss: 1.989
2020-11-15 00:42:55,127:INFO: - Found new best accuracy
2020-11-15 00:42:55,127:INFO: Epoch 18/20
2020-11-15 00:42:59,752:INFO: - Train metrics: accuracy: 0.300 ; loss: 1.870
2020-11-15 00:43:00,187:INFO: - Eval metrics : accuracy: 0.275 ; loss: 1.989
2020-11-15 00:43:00,193:INFO: - Found new best accuracy
2020-11-15 00:43:00,195:INFO: Epoch 19/20
2020-11-15 00:43:04,935:INFO: - Train metrics: accuracy: 0.300 ; loss: 1.870
2020-11-15 00:43:05,444:INFO: - Eval metrics : accuracy: 0.275 ; loss: 1.989
2020-11-15 00:43:05,450:INFO: - Found new best accuracy
2020-11-15 00:43:05,451:INFO: Epoch 20/20
2020-11-15 00:43:10,396:INFO: - Train metrics: accuracy: 0.300 ; loss: 1.870
2020-11-15 00:43:10,901:INFO: - Eval metrics : accuracy: 0.275 ; loss: 1.989
2020-11-15 00:43:10,906:INFO: - Found new best accuracy
2020-11-15 00:44:27,379:INFO: Loading the datasets...
2020-11-15 00:44:27,780:INFO: - done.
2020-11-15 00:44:31,229:INFO: Starting training for 20 epoch(s)
2020-11-15 00:44:31,230:INFO: Epoch 1/20
2020-11-15 00:44:36,699:INFO: - Train metrics: accuracy: 0.290 ; loss: 2.056
2020-11-15 00:44:37,207:INFO: - Eval metrics : accuracy: 0.275 ; loss: 2.013
2020-11-15 00:44:37,212:INFO: - Found new best accuracy
2020-11-15 00:44:37,214:INFO: Epoch 2/20
2020-11-15 00:44:42,520:INFO: - Train metrics: accuracy: 0.300 ; loss: 1.903
2020-11-15 00:44:43,030:INFO: - Eval metrics : accuracy: 0.275 ; loss: 1.992
2020-11-15 00:44:43,036:INFO: - Found new best accuracy
2020-11-15 00:44:43,040:INFO: Epoch 3/20
2020-11-15 00:44:48,941:INFO: - Train metrics: accuracy: 0.300 ; loss: 1.880
2020-11-15 00:44:49,490:INFO: - Eval metrics : accuracy: 0.275 ; loss: 1.989
2020-11-15 00:44:49,494:INFO: - Found new best accuracy
2020-11-15 00:44:49,496:INFO: Epoch 4/20
2020-11-15 00:44:54,777:INFO: - Train metrics: accuracy: 0.300 ; loss: 1.874
2020-11-15 00:44:55,291:INFO: - Eval metrics : accuracy: 0.275 ; loss: 1.989
2020-11-15 00:44:55,295:INFO: - Found new best accuracy
2020-11-15 00:44:55,297:INFO: Epoch 5/20
2020-11-15 00:45:00,137:INFO: - Train metrics: accuracy: 0.300 ; loss: 1.872
2020-11-15 00:45:00,645:INFO: - Eval metrics : accuracy: 0.275 ; loss: 1.989
2020-11-15 00:45:00,648:INFO: - Found new best accuracy
2020-11-15 00:45:00,650:INFO: Epoch 6/20
2020-11-15 00:45:05,836:INFO: - Train metrics: accuracy: 0.300 ; loss: 1.871
2020-11-15 00:45:06,341:INFO: - Eval metrics : accuracy: 0.275 ; loss: 1.989
2020-11-15 00:45:06,346:INFO: - Found new best accuracy
2020-11-15 00:45:06,350:INFO: Epoch 7/20
2020-11-15 00:45:11,215:INFO: - Train metrics: accuracy: 0.300 ; loss: 1.871
2020-11-15 00:45:11,691:INFO: - Eval metrics : accuracy: 0.275 ; loss: 1.989
2020-11-15 00:45:11,696:INFO: - Found new best accuracy
2020-11-15 00:45:11,698:INFO: Epoch 8/20
2020-11-15 00:45:16,436:INFO: - Train metrics: accuracy: 0.300 ; loss: 1.870
2020-11-15 00:45:16,943:INFO: - Eval metrics : accuracy: 0.275 ; loss: 1.989
2020-11-15 00:45:16,948:INFO: - Found new best accuracy
2020-11-15 00:45:16,951:INFO: Epoch 9/20
2020-11-15 00:45:21,734:INFO: - Train metrics: accuracy: 0.300 ; loss: 1.870
2020-11-15 00:45:22,243:INFO: - Eval metrics : accuracy: 0.275 ; loss: 1.989
2020-11-15 00:45:22,248:INFO: - Found new best accuracy
2020-11-15 00:45:22,250:INFO: Epoch 10/20
2020-11-15 00:45:27,138:INFO: - Train metrics: accuracy: 0.300 ; loss: 1.870
2020-11-15 00:45:27,648:INFO: - Eval metrics : accuracy: 0.275 ; loss: 1.989
2020-11-15 00:45:27,651:INFO: - Found new best accuracy
2020-11-15 00:45:27,651:INFO: Epoch 11/20
2020-11-15 00:45:32,577:INFO: - Train metrics: accuracy: 0.300 ; loss: 1.870
2020-11-15 00:45:33,538:INFO: - Eval metrics : accuracy: 0.275 ; loss: 1.989
2020-11-15 00:45:33,541:INFO: - Found new best accuracy
2020-11-15 00:45:33,543:INFO: Epoch 12/20
2020-11-15 00:45:38,367:INFO: - Train metrics: accuracy: 0.300 ; loss: 1.870
2020-11-15 00:45:38,878:INFO: - Eval metrics : accuracy: 0.275 ; loss: 1.989
2020-11-15 00:45:38,882:INFO: - Found new best accuracy
2020-11-15 00:45:38,884:INFO: Epoch 13/20
2020-11-15 00:45:43,661:INFO: - Train metrics: accuracy: 0.300 ; loss: 1.870
2020-11-15 00:45:44,175:INFO: - Eval metrics : accuracy: 0.275 ; loss: 1.989
2020-11-15 00:45:44,179:INFO: - Found new best accuracy
2020-11-15 00:45:44,179:INFO: Epoch 14/20
2020-11-15 00:45:49,172:INFO: - Train metrics: accuracy: 0.300 ; loss: 1.870
2020-11-15 00:45:49,600:INFO: - Eval metrics : accuracy: 0.275 ; loss: 1.989
2020-11-15 00:45:49,604:INFO: - Found new best accuracy
2020-11-15 00:45:49,606:INFO: Epoch 15/20
2020-11-15 00:45:54,239:INFO: - Train metrics: accuracy: 0.300 ; loss: 1.870
2020-11-15 00:45:54,746:INFO: - Eval metrics : accuracy: 0.275 ; loss: 1.989
2020-11-15 00:45:54,752:INFO: - Found new best accuracy
2020-11-15 00:45:54,752:INFO: Epoch 16/20
2020-11-15 00:45:59,626:INFO: - Train metrics: accuracy: 0.300 ; loss: 1.870
2020-11-15 00:46:00,133:INFO: - Eval metrics : accuracy: 0.275 ; loss: 1.989
2020-11-15 00:46:00,135:INFO: - Found new best accuracy
2020-11-15 00:46:00,139:INFO: Epoch 17/20
2020-11-15 00:46:05,394:INFO: - Train metrics: accuracy: 0.300 ; loss: 1.870
2020-11-15 00:46:05,962:INFO: - Eval metrics : accuracy: 0.275 ; loss: 1.989
2020-11-15 00:46:05,966:INFO: - Found new best accuracy
2020-11-15 00:46:05,968:INFO: Epoch 18/20
2020-11-15 00:46:11,816:INFO: - Train metrics: accuracy: 0.300 ; loss: 1.870
2020-11-15 00:46:12,391:INFO: - Eval metrics : accuracy: 0.275 ; loss: 1.989
2020-11-15 00:46:12,395:INFO: - Found new best accuracy
2020-11-15 00:46:12,395:INFO: Epoch 19/20
2020-11-15 00:46:17,828:INFO: - Train metrics: accuracy: 0.300 ; loss: 1.870
2020-11-15 00:46:18,307:INFO: - Eval metrics : accuracy: 0.275 ; loss: 1.989
2020-11-15 00:46:18,311:INFO: - Found new best accuracy
2020-11-15 00:46:18,313:INFO: Epoch 20/20
2020-11-15 00:46:23,015:INFO: - Train metrics: accuracy: 0.300 ; loss: 1.870
2020-11-15 00:46:23,449:INFO: - Eval metrics : accuracy: 0.275 ; loss: 1.989
2020-11-15 00:46:23,454:INFO: - Found new best accuracy
2020-11-15 00:58:29,330:INFO: Loading the datasets...
2020-11-15 00:58:29,730:INFO: - done.
2020-11-15 00:58:33,350:INFO: Starting training for 20 epoch(s)
2020-11-15 00:58:33,350:INFO: Epoch 1/20
2020-11-15 00:58:41,463:INFO: - Train metrics: accuracy: 0.290 ; loss: 2.056
2020-11-15 00:58:41,751:INFO: - Eval metrics : accuracy: 0.275 ; loss: 2.013
2020-11-15 00:58:41,757:INFO: - Found new best accuracy
2020-11-15 00:58:41,759:INFO: Epoch 2/20
2020-11-15 00:58:49,801:INFO: - Train metrics: accuracy: 0.300 ; loss: 1.903
2020-11-15 00:58:50,098:INFO: - Eval metrics : accuracy: 0.275 ; loss: 1.992
2020-11-15 00:58:50,104:INFO: - Found new best accuracy
2020-11-15 00:58:50,104:INFO: Epoch 3/20
2020-11-15 00:58:58,122:INFO: - Train metrics: accuracy: 0.300 ; loss: 1.880
2020-11-15 00:58:58,422:INFO: - Eval metrics : accuracy: 0.275 ; loss: 1.989
2020-11-15 00:58:58,427:INFO: - Found new best accuracy
2020-11-15 00:58:58,429:INFO: Epoch 4/20
2020-11-15 00:59:06,032:INFO: - Train metrics: accuracy: 0.300 ; loss: 1.874
2020-11-15 00:59:06,327:INFO: - Eval metrics : accuracy: 0.275 ; loss: 1.989
2020-11-15 00:59:06,335:INFO: - Found new best accuracy
2020-11-15 00:59:06,338:INFO: Epoch 5/20
2020-11-15 00:59:13,793:INFO: - Train metrics: accuracy: 0.300 ; loss: 1.872
2020-11-15 00:59:14,093:INFO: - Eval metrics : accuracy: 0.275 ; loss: 1.989
2020-11-15 00:59:14,099:INFO: - Found new best accuracy
2020-11-15 00:59:14,103:INFO: Epoch 6/20
2020-11-15 00:59:21,735:INFO: - Train metrics: accuracy: 0.300 ; loss: 1.871
2020-11-15 00:59:22,032:INFO: - Eval metrics : accuracy: 0.275 ; loss: 1.989
2020-11-15 00:59:22,037:INFO: - Found new best accuracy
2020-11-15 00:59:22,039:INFO: Epoch 7/20
2020-11-15 00:59:29,521:INFO: - Train metrics: accuracy: 0.300 ; loss: 1.871
2020-11-15 00:59:29,813:INFO: - Eval metrics : accuracy: 0.275 ; loss: 1.989
2020-11-15 00:59:29,818:INFO: - Found new best accuracy
2020-11-15 00:59:29,820:INFO: Epoch 8/20
2020-11-15 00:59:37,446:INFO: - Train metrics: accuracy: 0.300 ; loss: 1.870
2020-11-15 00:59:37,732:INFO: - Eval metrics : accuracy: 0.275 ; loss: 1.989
2020-11-15 00:59:37,738:INFO: - Found new best accuracy
2020-11-15 00:59:37,739:INFO: Epoch 9/20
2020-11-15 00:59:45,566:INFO: - Train metrics: accuracy: 0.300 ; loss: 1.870
2020-11-15 00:59:45,851:INFO: - Eval metrics : accuracy: 0.275 ; loss: 1.989
2020-11-15 00:59:45,857:INFO: - Found new best accuracy
2020-11-15 00:59:45,858:INFO: Epoch 10/20
2020-11-15 00:59:53,729:INFO: - Train metrics: accuracy: 0.300 ; loss: 1.870
2020-11-15 00:59:54,022:INFO: - Eval metrics : accuracy: 0.275 ; loss: 1.989
2020-11-15 00:59:54,029:INFO: - Found new best accuracy
2020-11-15 00:59:54,030:INFO: Epoch 11/20
2020-11-15 01:00:01,989:INFO: - Train metrics: accuracy: 0.300 ; loss: 1.870
2020-11-15 01:00:02,278:INFO: - Eval metrics : accuracy: 0.275 ; loss: 1.989
2020-11-15 01:00:02,283:INFO: - Found new best accuracy
2020-11-15 01:00:02,285:INFO: Epoch 12/20
2020-11-15 01:00:09,270:INFO: - Train metrics: accuracy: 0.300 ; loss: 1.870
2020-11-15 01:00:09,559:INFO: - Eval metrics : accuracy: 0.275 ; loss: 1.989
2020-11-15 01:00:09,565:INFO: - Found new best accuracy
2020-11-15 01:00:09,566:INFO: Epoch 13/20
2020-11-15 01:00:17,139:INFO: - Train metrics: accuracy: 0.300 ; loss: 1.870
2020-11-15 01:00:17,434:INFO: - Eval metrics : accuracy: 0.275 ; loss: 1.989
2020-11-15 01:00:17,439:INFO: - Found new best accuracy
2020-11-15 01:00:17,441:INFO: Epoch 14/20
2020-11-15 01:00:24,946:INFO: - Train metrics: accuracy: 0.300 ; loss: 1.870
2020-11-15 01:00:25,238:INFO: - Eval metrics : accuracy: 0.275 ; loss: 1.989
2020-11-15 01:00:25,244:INFO: - Found new best accuracy
2020-11-15 01:00:25,246:INFO: Epoch 15/20
2020-11-15 01:00:32,514:INFO: - Train metrics: accuracy: 0.300 ; loss: 1.870
2020-11-15 01:00:32,815:INFO: - Eval metrics : accuracy: 0.275 ; loss: 1.989
2020-11-15 01:00:32,820:INFO: - Found new best accuracy
2020-11-15 01:00:32,822:INFO: Epoch 16/20
2020-11-15 01:00:40,607:INFO: - Train metrics: accuracy: 0.300 ; loss: 1.870
2020-11-15 01:00:40,897:INFO: - Eval metrics : accuracy: 0.275 ; loss: 1.989
2020-11-15 01:00:40,903:INFO: - Found new best accuracy
2020-11-15 01:00:40,904:INFO: Epoch 17/20
2020-11-15 01:00:47,982:INFO: - Train metrics: accuracy: 0.300 ; loss: 1.870
2020-11-15 01:00:48,274:INFO: - Eval metrics : accuracy: 0.275 ; loss: 1.989
2020-11-15 01:00:48,278:INFO: - Found new best accuracy
2020-11-15 01:00:48,281:INFO: Epoch 18/20
2020-11-15 01:00:56,759:INFO: - Train metrics: accuracy: 0.300 ; loss: 1.870
2020-11-15 01:00:57,051:INFO: - Eval metrics : accuracy: 0.275 ; loss: 1.989
2020-11-15 01:00:57,056:INFO: - Found new best accuracy
2020-11-15 01:00:57,057:INFO: Epoch 19/20
2020-11-15 01:01:04,658:INFO: - Train metrics: accuracy: 0.300 ; loss: 1.870
2020-11-15 01:01:04,963:INFO: - Eval metrics : accuracy: 0.275 ; loss: 1.989
2020-11-15 01:01:04,969:INFO: - Found new best accuracy
2020-11-15 01:01:04,971:INFO: Epoch 20/20
2020-11-15 01:01:12,676:INFO: - Train metrics: accuracy: 0.300 ; loss: 1.870
2020-11-15 01:01:12,970:INFO: - Eval metrics : accuracy: 0.275 ; loss: 1.989
2020-11-15 01:01:12,975:INFO: - Found new best accuracy
