2020-11-17 05:47:37,784:INFO: Loading the datasets...
2020-11-17 05:47:38,221:INFO: - done.
2020-11-17 05:47:38,222:INFO: batch_size_50-LR_0.01-Drop_0.0-Attn_512
2020-11-17 05:47:38,245:INFO: Starting training for 100 epoch(s)
2020-11-17 05:47:38,245:INFO: Epoch 1/100
2020-11-17 10:51:08,869:INFO: Loading the datasets...
2020-11-17 10:51:14,945:INFO: - done.
2020-11-17 10:51:25,132:INFO: batch_size_5-LR_0.001-Drop_0.5-Attn_512
2020-11-17 10:51:25,932:INFO: Starting training for 20 epoch(s)
2020-11-17 10:51:25,932:INFO: Epoch 1/20
2020-11-17 10:56:16,541:INFO: - Train metrics: accuracy: 0.410 ; loss: 1.685
2020-11-17 10:56:44,728:INFO: - Eval metrics : accuracy: 0.403 ; loss: 1.674
2020-11-17 10:56:44,752:INFO: - Found new best accuracy
2020-11-17 10:56:44,759:INFO: Epoch 2/20
2020-11-17 11:01:36,276:INFO: - Train metrics: accuracy: 0.380 ; loss: 1.632
2020-11-17 11:02:03,683:INFO: - Eval metrics : accuracy: 0.412 ; loss: 1.651
2020-11-17 11:02:03,708:INFO: - Found new best accuracy
2020-11-17 11:02:03,716:INFO: Epoch 3/20
2020-11-17 11:06:46,660:INFO: - Train metrics: accuracy: 0.470 ; loss: 1.606
2020-11-17 11:07:12,878:INFO: - Eval metrics : accuracy: 0.426 ; loss: 1.524
2020-11-17 11:07:12,902:INFO: - Found new best accuracy
2020-11-17 11:07:12,908:INFO: Epoch 4/20
2020-11-17 11:11:53,558:INFO: - Train metrics: accuracy: 0.460 ; loss: 1.476
2020-11-17 11:12:19,536:INFO: - Eval metrics : accuracy: 0.446 ; loss: 1.482
2020-11-17 11:12:19,560:INFO: - Found new best accuracy
2020-11-17 11:12:19,567:INFO: Epoch 5/20
2020-11-17 11:16:59,851:INFO: - Train metrics: accuracy: 0.410 ; loss: 1.543
2020-11-17 11:17:25,856:INFO: - Eval metrics : accuracy: 0.453 ; loss: 1.426
2020-11-17 11:17:25,879:INFO: - Found new best accuracy
2020-11-17 11:17:25,885:INFO: Epoch 6/20
2020-11-17 11:22:08,667:INFO: - Train metrics: accuracy: 0.490 ; loss: 1.400
2020-11-17 11:22:35,047:INFO: - Eval metrics : accuracy: 0.477 ; loss: 1.393
2020-11-17 11:22:35,074:INFO: - Found new best accuracy
2020-11-17 11:22:35,082:INFO: Epoch 7/20
2020-11-17 11:27:12,498:INFO: - Train metrics: accuracy: 0.540 ; loss: 1.266
2020-11-17 11:27:38,367:INFO: - Eval metrics : accuracy: 0.512 ; loss: 1.333
2020-11-17 11:27:38,391:INFO: - Found new best accuracy
2020-11-17 11:27:38,398:INFO: Epoch 8/20
2020-11-17 11:32:17,574:INFO: - Train metrics: accuracy: 0.550 ; loss: 1.405
2020-11-17 11:32:43,969:INFO: - Eval metrics : accuracy: 0.518 ; loss: 1.317
2020-11-17 11:32:43,994:INFO: - Found new best accuracy
2020-11-17 11:32:44,002:INFO: Epoch 9/20
2020-11-17 11:37:37,734:INFO: - Train metrics: accuracy: 0.540 ; loss: 1.335
2020-11-17 11:38:05,277:INFO: - Eval metrics : accuracy: 0.540 ; loss: 1.271
2020-11-17 11:38:05,301:INFO: - Found new best accuracy
2020-11-17 11:38:05,309:INFO: Epoch 10/20
2020-11-17 11:43:05,602:INFO: - Train metrics: accuracy: 0.580 ; loss: 1.262
2020-11-17 11:43:33,697:INFO: - Eval metrics : accuracy: 0.545 ; loss: 1.245
2020-11-17 11:43:33,730:INFO: - Found new best accuracy
2020-11-17 11:43:33,738:INFO: Epoch 11/20
2020-11-17 11:48:36,533:INFO: - Train metrics: accuracy: 0.590 ; loss: 1.277
2020-11-17 11:49:05,138:INFO: - Eval metrics : accuracy: 0.537 ; loss: 1.289
2020-11-17 11:49:05,159:INFO: Epoch 12/20
2020-11-17 11:54:09,798:INFO: - Train metrics: accuracy: 0.560 ; loss: 1.145
2020-11-17 11:54:38,182:INFO: - Eval metrics : accuracy: 0.551 ; loss: 1.230
2020-11-17 11:54:38,206:INFO: - Found new best accuracy
2020-11-17 11:54:38,214:INFO: Epoch 13/20
2020-11-17 11:59:43,330:INFO: - Train metrics: accuracy: 0.510 ; loss: 1.235
2020-11-17 12:00:12,109:INFO: - Eval metrics : accuracy: 0.551 ; loss: 1.232
2020-11-17 12:00:12,129:INFO: Epoch 14/20
2020-11-17 12:05:12,528:INFO: - Train metrics: accuracy: 0.570 ; loss: 1.138
2020-11-17 12:05:39,632:INFO: - Eval metrics : accuracy: 0.554 ; loss: 1.236
2020-11-17 12:05:39,659:INFO: - Found new best accuracy
2020-11-17 12:05:39,666:INFO: Epoch 15/20
2020-11-17 12:10:32,280:INFO: - Train metrics: accuracy: 0.600 ; loss: 1.095
2020-11-17 12:10:59,744:INFO: - Eval metrics : accuracy: 0.552 ; loss: 1.205
2020-11-17 12:10:59,762:INFO: Epoch 16/20
2020-11-17 12:15:48,827:INFO: - Train metrics: accuracy: 0.560 ; loss: 1.124
2020-11-17 12:16:15,679:INFO: - Eval metrics : accuracy: 0.575 ; loss: 1.154
2020-11-17 12:16:15,703:INFO: - Found new best accuracy
2020-11-17 12:16:15,710:INFO: Epoch 17/20
2020-11-17 12:20:58,456:INFO: - Train metrics: accuracy: 0.520 ; loss: 1.153
2020-11-17 12:21:24,968:INFO: - Eval metrics : accuracy: 0.570 ; loss: 1.157
2020-11-17 12:21:24,986:INFO: Epoch 18/20
2020-11-17 12:26:05,133:INFO: - Train metrics: accuracy: 0.530 ; loss: 1.095
2020-11-17 12:26:32,509:INFO: - Eval metrics : accuracy: 0.573 ; loss: 1.165
2020-11-17 12:26:32,529:INFO: Epoch 19/20
2020-11-17 12:31:30,253:INFO: - Train metrics: accuracy: 0.590 ; loss: 1.181
2020-11-17 12:31:57,546:INFO: - Eval metrics : accuracy: 0.592 ; loss: 1.141
2020-11-17 12:31:57,570:INFO: - Found new best accuracy
2020-11-17 12:31:57,578:INFO: Epoch 20/20
2020-11-17 12:36:38,478:INFO: - Train metrics: accuracy: 0.590 ; loss: 1.165
2020-11-17 12:37:04,795:INFO: - Eval metrics : accuracy: 0.570 ; loss: 1.169
