2020-11-18 23:18:27,244:INFO: Loading the datasets...
2020-11-18 23:18:27,657:INFO: - done.
2020-11-18 23:18:30,836:INFO: Starting training for 50 epoch(s)
2020-11-18 23:18:30,836:INFO: Epoch 1/50
2020-11-18 23:22:36,191:INFO: - Train metrics: accuracy: 0.430 ; loss: 1.683
2020-11-18 23:22:57,788:INFO: - Eval metrics : accuracy: 0.408 ; loss: 1.684
2020-11-18 23:22:57,795:INFO: - Found new best accuracy
2020-11-18 23:22:57,795:INFO: Epoch 2/50
2020-11-18 23:27:01,930:INFO: - Train metrics: accuracy: 0.430 ; loss: 1.479
2020-11-18 23:27:23,696:INFO: - Eval metrics : accuracy: 0.461 ; loss: 1.431
2020-11-18 23:27:23,704:INFO: - Found new best accuracy
2020-11-18 23:27:23,704:INFO: Epoch 3/50
2020-11-18 23:31:27,285:INFO: - Train metrics: accuracy: 0.500 ; loss: 1.404
2020-11-18 23:31:48,881:INFO: - Eval metrics : accuracy: 0.484 ; loss: 1.406
2020-11-18 23:31:48,889:INFO: - Found new best accuracy
2020-11-18 23:31:48,889:INFO: Epoch 4/50
2020-11-18 23:35:51,922:INFO: - Train metrics: accuracy: 0.490 ; loss: 1.349
2020-11-18 23:36:13,392:INFO: - Eval metrics : accuracy: 0.514 ; loss: 1.320
2020-11-18 23:36:13,400:INFO: - Found new best accuracy
2020-11-18 23:36:13,400:INFO: Epoch 5/50
2020-11-18 23:40:17,022:INFO: - Train metrics: accuracy: 0.580 ; loss: 1.282
2020-11-18 23:40:38,497:INFO: - Eval metrics : accuracy: 0.528 ; loss: 1.280
2020-11-18 23:40:38,505:INFO: - Found new best accuracy
2020-11-18 23:40:38,505:INFO: Epoch 6/50
2020-11-18 23:44:41,397:INFO: - Train metrics: accuracy: 0.560 ; loss: 1.254
2020-11-18 23:45:03,017:INFO: - Eval metrics : accuracy: 0.548 ; loss: 1.226
2020-11-18 23:45:03,025:INFO: - Found new best accuracy
2020-11-18 23:45:03,026:INFO: Epoch 7/50
2020-11-18 23:49:06,747:INFO: - Train metrics: accuracy: 0.590 ; loss: 1.148
2020-11-18 23:49:28,278:INFO: - Eval metrics : accuracy: 0.544 ; loss: 1.216
2020-11-18 23:49:28,284:INFO: Epoch 8/50
2020-11-18 23:53:33,994:INFO: - Train metrics: accuracy: 0.570 ; loss: 1.165
2020-11-18 23:53:55,515:INFO: - Eval metrics : accuracy: 0.570 ; loss: 1.169
2020-11-18 23:53:55,523:INFO: - Found new best accuracy
2020-11-18 23:53:55,524:INFO: Epoch 9/50
2020-11-18 23:58:00,580:INFO: - Train metrics: accuracy: 0.580 ; loss: 1.111
2020-11-18 23:58:22,326:INFO: - Eval metrics : accuracy: 0.571 ; loss: 1.150
2020-11-18 23:58:22,334:INFO: - Found new best accuracy
2020-11-18 23:58:22,334:INFO: Epoch 10/50
2020-11-19 00:02:26,390:INFO: - Train metrics: accuracy: 0.580 ; loss: 1.124
2020-11-19 00:02:48,080:INFO: - Eval metrics : accuracy: 0.578 ; loss: 1.154
2020-11-19 00:02:48,088:INFO: - Found new best accuracy
2020-11-19 00:02:48,088:INFO: Epoch 11/50
2020-11-19 00:06:51,582:INFO: - Train metrics: accuracy: 0.570 ; loss: 1.156
2020-11-19 00:07:13,230:INFO: - Eval metrics : accuracy: 0.597 ; loss: 1.116
2020-11-19 00:07:13,239:INFO: - Found new best accuracy
2020-11-19 00:07:13,239:INFO: Epoch 12/50
2020-11-19 00:11:16,896:INFO: - Train metrics: accuracy: 0.590 ; loss: 1.081
2020-11-19 00:11:38,465:INFO: - Eval metrics : accuracy: 0.589 ; loss: 1.107
2020-11-19 00:11:38,471:INFO: Epoch 13/50
2020-11-19 00:15:42,166:INFO: - Train metrics: accuracy: 0.610 ; loss: 1.138
2020-11-19 00:16:03,824:INFO: - Eval metrics : accuracy: 0.592 ; loss: 1.122
2020-11-19 00:16:03,831:INFO: Epoch 14/50
2020-11-19 00:20:07,622:INFO: - Train metrics: accuracy: 0.610 ; loss: 1.078
2020-11-19 00:20:29,239:INFO: - Eval metrics : accuracy: 0.585 ; loss: 1.108
2020-11-19 00:20:29,245:INFO: Epoch 15/50
2020-11-19 00:24:33,283:INFO: - Train metrics: accuracy: 0.560 ; loss: 1.075
2020-11-19 00:24:54,842:INFO: - Eval metrics : accuracy: 0.582 ; loss: 1.131
2020-11-19 00:24:54,848:INFO: Epoch 16/50
2020-11-19 00:28:58,204:INFO: - Train metrics: accuracy: 0.610 ; loss: 1.136
2020-11-19 00:29:19,774:INFO: - Eval metrics : accuracy: 0.598 ; loss: 1.104
2020-11-19 00:29:19,782:INFO: - Found new best accuracy
2020-11-19 00:29:19,782:INFO: Epoch 17/50
2020-11-19 00:33:23,694:INFO: - Train metrics: accuracy: 0.630 ; loss: 1.096
2020-11-19 00:33:45,255:INFO: - Eval metrics : accuracy: 0.611 ; loss: 1.095
2020-11-19 00:33:45,263:INFO: - Found new best accuracy
2020-11-19 00:33:45,263:INFO: Epoch 18/50
2020-11-19 00:37:48,767:INFO: - Train metrics: accuracy: 0.590 ; loss: 1.087
2020-11-19 00:38:10,359:INFO: - Eval metrics : accuracy: 0.630 ; loss: 1.075
2020-11-19 00:38:10,367:INFO: - Found new best accuracy
2020-11-19 00:38:10,368:INFO: Epoch 19/50
2020-11-19 00:42:14,070:INFO: - Train metrics: accuracy: 0.630 ; loss: 1.053
2020-11-19 00:42:35,551:INFO: - Eval metrics : accuracy: 0.629 ; loss: 1.039
2020-11-19 00:42:35,558:INFO: Epoch 20/50
2020-11-19 00:46:39,493:INFO: - Train metrics: accuracy: 0.580 ; loss: 1.068
2020-11-19 00:47:01,093:INFO: - Eval metrics : accuracy: 0.634 ; loss: 1.048
2020-11-19 00:47:01,101:INFO: - Found new best accuracy
2020-11-19 00:47:01,102:INFO: Epoch 21/50
2020-11-19 00:51:05,156:INFO: - Train metrics: accuracy: 0.630 ; loss: 1.083
2020-11-19 00:51:26,703:INFO: - Eval metrics : accuracy: 0.629 ; loss: 1.057
2020-11-19 00:51:26,710:INFO: Epoch 22/50
2020-11-19 00:55:33,348:INFO: - Train metrics: accuracy: 0.680 ; loss: 1.003
2020-11-19 00:55:54,974:INFO: - Eval metrics : accuracy: 0.643 ; loss: 1.030
2020-11-19 00:55:54,982:INFO: - Found new best accuracy
2020-11-19 00:55:54,982:INFO: Epoch 23/50
2020-11-19 00:59:59,786:INFO: - Train metrics: accuracy: 0.650 ; loss: 0.943
2020-11-19 01:00:21,436:INFO: - Eval metrics : accuracy: 0.630 ; loss: 1.054
2020-11-19 01:00:21,443:INFO: Epoch 24/50
2020-11-19 01:04:25,790:INFO: - Train metrics: accuracy: 0.650 ; loss: 0.906
2020-11-19 01:04:47,288:INFO: - Eval metrics : accuracy: 0.646 ; loss: 1.049
2020-11-19 01:04:47,295:INFO: - Found new best accuracy
2020-11-19 01:04:47,296:INFO: Epoch 25/50
2020-11-19 01:08:52,168:INFO: - Train metrics: accuracy: 0.690 ; loss: 0.900
2020-11-19 01:09:13,794:INFO: - Eval metrics : accuracy: 0.638 ; loss: 1.056
2020-11-19 01:09:13,801:INFO: Epoch 26/50
2020-11-19 01:13:18,696:INFO: - Train metrics: accuracy: 0.700 ; loss: 0.914
2020-11-19 01:13:40,306:INFO: - Eval metrics : accuracy: 0.636 ; loss: 1.040
2020-11-19 01:13:40,313:INFO: Epoch 27/50
2020-11-19 01:17:44,696:INFO: - Train metrics: accuracy: 0.700 ; loss: 0.870
2020-11-19 01:18:06,359:INFO: - Eval metrics : accuracy: 0.650 ; loss: 1.025
2020-11-19 01:18:06,366:INFO: - Found new best accuracy
2020-11-19 01:18:06,367:INFO: Epoch 28/50
2020-11-19 01:22:13,086:INFO: - Train metrics: accuracy: 0.670 ; loss: 0.921
2020-11-19 01:22:34,621:INFO: - Eval metrics : accuracy: 0.639 ; loss: 1.033
2020-11-19 01:22:34,627:INFO: Epoch 29/50
2020-11-19 01:26:39,441:INFO: - Train metrics: accuracy: 0.710 ; loss: 0.822
2020-11-19 01:27:01,033:INFO: - Eval metrics : accuracy: 0.643 ; loss: 1.042
2020-11-19 01:27:01,039:INFO: Epoch 30/50
2020-11-19 01:31:05,173:INFO: - Train metrics: accuracy: 0.730 ; loss: 0.836
2020-11-19 01:31:26,879:INFO: - Eval metrics : accuracy: 0.647 ; loss: 1.037
2020-11-19 01:31:26,885:INFO: Epoch 31/50
2020-11-19 01:35:30,725:INFO: - Train metrics: accuracy: 0.680 ; loss: 0.842
2020-11-19 01:35:52,218:INFO: - Eval metrics : accuracy: 0.660 ; loss: 1.039
2020-11-19 01:35:52,226:INFO: - Found new best accuracy
2020-11-19 01:35:52,226:INFO: Epoch 32/50
2020-11-19 01:39:56,352:INFO: - Train metrics: accuracy: 0.700 ; loss: 0.773
2020-11-19 01:40:17,768:INFO: - Eval metrics : accuracy: 0.658 ; loss: 1.014
2020-11-19 01:40:17,774:INFO: Epoch 33/50
2020-11-19 01:44:20,411:INFO: - Train metrics: accuracy: 0.760 ; loss: 0.847
2020-11-19 01:44:41,896:INFO: - Eval metrics : accuracy: 0.662 ; loss: 1.040
2020-11-19 01:44:41,904:INFO: - Found new best accuracy
2020-11-19 01:44:41,904:INFO: Epoch 34/50
2020-11-19 01:48:44,262:INFO: - Train metrics: accuracy: 0.770 ; loss: 0.821
2020-11-19 01:49:05,727:INFO: - Eval metrics : accuracy: 0.659 ; loss: 1.034
2020-11-19 01:49:05,734:INFO: Epoch 35/50
2020-11-19 01:53:08,047:INFO: - Train metrics: accuracy: 0.750 ; loss: 0.808
2020-11-19 01:53:29,382:INFO: - Eval metrics : accuracy: 0.594 ; loss: 1.249
2020-11-19 01:53:29,389:INFO: Epoch 36/50
2020-11-19 01:57:30,416:INFO: - Train metrics: accuracy: 0.740 ; loss: 0.842
2020-11-19 01:57:51,929:INFO: - Eval metrics : accuracy: 0.654 ; loss: 1.071
2020-11-19 01:57:51,935:INFO: Epoch 37/50
2020-11-19 02:01:53,234:INFO: - Train metrics: accuracy: 0.720 ; loss: 0.765
2020-11-19 02:02:14,882:INFO: - Eval metrics : accuracy: 0.655 ; loss: 1.051
2020-11-19 02:02:14,889:INFO: Epoch 38/50
2020-11-19 02:06:17,432:INFO: - Train metrics: accuracy: 0.760 ; loss: 0.760
2020-11-19 02:06:38,895:INFO: - Eval metrics : accuracy: 0.657 ; loss: 1.058
2020-11-19 02:06:38,901:INFO: Epoch 39/50
2020-11-19 02:10:41,058:INFO: - Train metrics: accuracy: 0.750 ; loss: 0.758
2020-11-19 02:11:02,426:INFO: - Eval metrics : accuracy: 0.643 ; loss: 1.075
2020-11-19 02:11:02,433:INFO: Epoch 40/50
2020-11-19 02:15:04,899:INFO: - Train metrics: accuracy: 0.770 ; loss: 0.730
2020-11-19 02:15:26,218:INFO: - Eval metrics : accuracy: 0.671 ; loss: 1.042
2020-11-19 02:15:26,226:INFO: - Found new best accuracy
2020-11-19 02:15:26,226:INFO: Epoch 41/50
2020-11-19 02:19:27,893:INFO: - Train metrics: accuracy: 0.820 ; loss: 0.693
2020-11-19 02:19:49,325:INFO: - Eval metrics : accuracy: 0.660 ; loss: 1.061
2020-11-19 02:19:49,331:INFO: Epoch 42/50
2020-11-19 02:23:52,191:INFO: - Train metrics: accuracy: 0.750 ; loss: 0.726
2020-11-19 02:24:13,739:INFO: - Eval metrics : accuracy: 0.662 ; loss: 1.089
2020-11-19 02:24:13,745:INFO: Epoch 43/50
2020-11-19 02:28:17,313:INFO: - Train metrics: accuracy: 0.740 ; loss: 0.734
2020-11-19 02:28:38,941:INFO: - Eval metrics : accuracy: 0.622 ; loss: 1.148
2020-11-19 02:28:38,947:INFO: Epoch 44/50
2020-11-19 02:32:41,591:INFO: - Train metrics: accuracy: 0.800 ; loss: 0.723
2020-11-19 02:33:03,117:INFO: - Eval metrics : accuracy: 0.641 ; loss: 1.185
2020-11-19 02:33:03,123:INFO: Epoch 45/50
2020-11-19 02:37:06,899:INFO: - Train metrics: accuracy: 0.750 ; loss: 0.765
2020-11-19 02:37:28,428:INFO: - Eval metrics : accuracy: 0.652 ; loss: 1.129
2020-11-19 02:37:28,435:INFO: Epoch 46/50
2020-11-19 02:41:30,827:INFO: - Train metrics: accuracy: 0.790 ; loss: 0.673
2020-11-19 02:41:52,070:INFO: - Eval metrics : accuracy: 0.661 ; loss: 1.141
2020-11-19 02:41:52,077:INFO: Epoch 47/50
2020-11-19 02:45:53,626:INFO: - Train metrics: accuracy: 0.770 ; loss: 0.713
2020-11-19 02:46:14,909:INFO: - Eval metrics : accuracy: 0.649 ; loss: 1.142
2020-11-19 02:46:14,915:INFO: Epoch 48/50
2020-11-19 02:50:15,896:INFO: - Train metrics: accuracy: 0.800 ; loss: 0.712
2020-11-19 02:50:37,242:INFO: - Eval metrics : accuracy: 0.643 ; loss: 1.167
2020-11-19 02:50:37,248:INFO: Epoch 49/50
2020-11-19 02:54:38,736:INFO: - Train metrics: accuracy: 0.800 ; loss: 0.688
2020-11-19 02:55:00,052:INFO: - Eval metrics : accuracy: 0.630 ; loss: 1.196
2020-11-19 02:55:00,058:INFO: Epoch 50/50
2020-11-19 02:59:03,824:INFO: - Train metrics: accuracy: 0.770 ; loss: 0.653
2020-11-19 02:59:25,461:INFO: - Eval metrics : accuracy: 0.656 ; loss: 1.173
