2020-11-17 23:23:26,091:INFO: Loading the datasets...
2020-11-17 23:23:26,515:INFO: - done.
2020-11-17 23:23:31,359:INFO: Starting training for 100 epoch(s)
2020-11-17 23:23:31,359:INFO: Epoch 1/100
2020-11-17 23:23:51,780:INFO: - Train metrics: accuracy: 0.400 ; loss: 1.774
2020-11-17 23:23:52,392:INFO: - Eval metrics : accuracy: 0.338 ; loss: 1.845
2020-11-17 23:23:52,396:INFO: - Found new best accuracy
2020-11-17 23:23:52,396:INFO: Epoch 2/100
2020-11-17 23:24:10,554:INFO: - Train metrics: accuracy: 0.390 ; loss: 1.678
2020-11-17 23:24:11,167:INFO: - Eval metrics : accuracy: 0.371 ; loss: 1.769
2020-11-17 23:24:11,175:INFO: - Found new best accuracy
2020-11-17 23:24:11,182:INFO: Epoch 3/100
2020-11-17 23:24:29,781:INFO: - Train metrics: accuracy: 0.410 ; loss: 1.642
2020-11-17 23:24:30,586:INFO: - Eval metrics : accuracy: 0.389 ; loss: 1.738
2020-11-17 23:24:30,599:INFO: - Found new best accuracy
2020-11-17 23:24:30,603:INFO: Epoch 4/100
2020-11-17 23:24:54,140:INFO: - Train metrics: accuracy: 0.420 ; loss: 1.657
2020-11-17 23:24:55,090:INFO: - Eval metrics : accuracy: 0.391 ; loss: 1.717
2020-11-17 23:24:55,098:INFO: - Found new best accuracy
2020-11-17 23:24:55,105:INFO: Epoch 5/100
2020-11-17 23:25:13,176:INFO: - Train metrics: accuracy: 0.400 ; loss: 1.633
2020-11-17 23:25:13,735:INFO: - Eval metrics : accuracy: 0.400 ; loss: 1.701
2020-11-17 23:25:13,750:INFO: - Found new best accuracy
2020-11-17 23:25:13,755:INFO: Epoch 6/100
2020-11-17 23:25:30,027:INFO: - Train metrics: accuracy: 0.400 ; loss: 1.657
2020-11-17 23:25:30,609:INFO: - Eval metrics : accuracy: 0.394 ; loss: 1.693
2020-11-17 23:25:30,631:INFO: Epoch 7/100
2020-11-17 23:25:46,946:INFO: - Train metrics: accuracy: 0.420 ; loss: 1.611
2020-11-17 23:25:47,565:INFO: - Eval metrics : accuracy: 0.397 ; loss: 1.682
2020-11-17 23:25:47,576:INFO: Epoch 8/100
2020-11-17 23:26:11,001:INFO: - Train metrics: accuracy: 0.400 ; loss: 1.628
2020-11-17 23:26:12,593:INFO: - Eval metrics : accuracy: 0.396 ; loss: 1.672
2020-11-17 23:26:12,606:INFO: Epoch 9/100
2020-11-17 23:26:36,593:INFO: - Train metrics: accuracy: 0.400 ; loss: 1.617
2020-11-17 23:26:37,407:INFO: - Eval metrics : accuracy: 0.390 ; loss: 1.667
2020-11-17 23:26:37,425:INFO: Epoch 10/100
2020-11-17 23:26:57,463:INFO: - Train metrics: accuracy: 0.380 ; loss: 1.634
2020-11-17 23:26:58,259:INFO: - Eval metrics : accuracy: 0.397 ; loss: 1.662
2020-11-17 23:26:58,269:INFO: Epoch 11/100
2020-11-17 23:27:20,028:INFO: - Train metrics: accuracy: 0.380 ; loss: 1.599
2020-11-17 23:27:21,026:INFO: - Eval metrics : accuracy: 0.386 ; loss: 1.669
2020-11-17 23:27:21,032:INFO: Epoch 12/100
2020-11-17 23:27:45,531:INFO: - Train metrics: accuracy: 0.420 ; loss: 1.633
2020-11-17 23:27:46,602:INFO: - Eval metrics : accuracy: 0.395 ; loss: 1.655
2020-11-17 23:27:46,608:INFO: Epoch 13/100
2020-11-17 23:28:06,738:INFO: - Train metrics: accuracy: 0.440 ; loss: 1.568
2020-11-17 23:28:07,506:INFO: - Eval metrics : accuracy: 0.388 ; loss: 1.662
2020-11-17 23:28:07,516:INFO: Epoch 14/100
2020-11-17 23:28:27,459:INFO: - Train metrics: accuracy: 0.420 ; loss: 1.589
2020-11-17 23:28:28,282:INFO: - Eval metrics : accuracy: 0.388 ; loss: 1.654
2020-11-17 23:28:28,291:INFO: Epoch 15/100
2020-11-17 23:28:52,548:INFO: - Train metrics: accuracy: 0.420 ; loss: 1.553
2020-11-17 23:28:53,646:INFO: - Eval metrics : accuracy: 0.393 ; loss: 1.652
2020-11-17 23:28:53,662:INFO: Epoch 16/100
2020-11-17 23:29:16,949:INFO: - Train metrics: accuracy: 0.440 ; loss: 1.563
2020-11-17 23:29:17,721:INFO: - Eval metrics : accuracy: 0.393 ; loss: 1.650
2020-11-17 23:29:17,727:INFO: Epoch 17/100
2020-11-17 23:29:37,647:INFO: - Train metrics: accuracy: 0.400 ; loss: 1.571
2020-11-17 23:29:38,391:INFO: - Eval metrics : accuracy: 0.403 ; loss: 1.630
2020-11-17 23:29:38,401:INFO: - Found new best accuracy
2020-11-17 23:29:38,414:INFO: Epoch 18/100
2020-11-17 23:29:59,769:INFO: - Train metrics: accuracy: 0.450 ; loss: 1.588
2020-11-17 23:30:00,850:INFO: - Eval metrics : accuracy: 0.393 ; loss: 1.639
2020-11-17 23:30:00,865:INFO: Epoch 19/100
2020-11-17 23:30:25,338:INFO: - Train metrics: accuracy: 0.450 ; loss: 1.563
2020-11-17 23:30:26,442:INFO: - Eval metrics : accuracy: 0.397 ; loss: 1.637
2020-11-17 23:30:26,454:INFO: Epoch 20/100
2020-11-17 23:30:46,755:INFO: - Train metrics: accuracy: 0.430 ; loss: 1.568
2020-11-17 23:30:47,529:INFO: - Eval metrics : accuracy: 0.400 ; loss: 1.639
2020-11-17 23:30:47,539:INFO: Epoch 21/100
2020-11-17 23:31:07,534:INFO: - Train metrics: accuracy: 0.450 ; loss: 1.539
2020-11-17 23:31:08,332:INFO: - Eval metrics : accuracy: 0.398 ; loss: 1.631
2020-11-17 23:31:08,338:INFO: Epoch 22/100
2020-11-17 23:31:31,543:INFO: - Train metrics: accuracy: 0.430 ; loss: 1.565
2020-11-17 23:31:32,621:INFO: - Eval metrics : accuracy: 0.397 ; loss: 1.629
2020-11-17 23:31:32,630:INFO: Epoch 23/100
2020-11-17 23:31:56,330:INFO: - Train metrics: accuracy: 0.450 ; loss: 1.539
2020-11-17 23:31:57,083:INFO: - Eval metrics : accuracy: 0.401 ; loss: 1.632
2020-11-17 23:31:57,098:INFO: Epoch 24/100
2020-11-17 23:32:17,025:INFO: - Train metrics: accuracy: 0.370 ; loss: 1.599
2020-11-17 23:32:17,795:INFO: - Eval metrics : accuracy: 0.391 ; loss: 1.635
2020-11-17 23:32:17,807:INFO: Epoch 25/100
2020-11-17 23:32:38,400:INFO: - Train metrics: accuracy: 0.480 ; loss: 1.540
2020-11-17 23:32:39,468:INFO: - Eval metrics : accuracy: 0.400 ; loss: 1.630
2020-11-17 23:32:39,481:INFO: Epoch 26/100
2020-11-17 23:33:04,729:INFO: - Train metrics: accuracy: 0.430 ; loss: 1.550
2020-11-17 23:33:05,831:INFO: - Eval metrics : accuracy: 0.407 ; loss: 1.628
2020-11-17 23:33:05,844:INFO: - Found new best accuracy
2020-11-17 23:33:05,850:INFO: Epoch 27/100
2020-11-17 23:33:26,763:INFO: - Train metrics: accuracy: 0.440 ; loss: 1.500
2020-11-17 23:33:27,560:INFO: - Eval metrics : accuracy: 0.393 ; loss: 1.633
2020-11-17 23:33:27,574:INFO: Epoch 28/100
2020-11-17 23:33:47,756:INFO: - Train metrics: accuracy: 0.460 ; loss: 1.521
2020-11-17 23:33:48,511:INFO: - Eval metrics : accuracy: 0.405 ; loss: 1.625
2020-11-17 23:33:48,530:INFO: Epoch 29/100
2020-11-17 23:34:11,123:INFO: - Train metrics: accuracy: 0.480 ; loss: 1.556
2020-11-17 23:34:12,177:INFO: - Eval metrics : accuracy: 0.409 ; loss: 1.616
2020-11-17 23:34:12,192:INFO: - Found new best accuracy
2020-11-17 23:34:12,197:INFO: Epoch 30/100
2020-11-17 23:34:36,229:INFO: - Train metrics: accuracy: 0.460 ; loss: 1.539
2020-11-17 23:34:37,008:INFO: - Eval metrics : accuracy: 0.405 ; loss: 1.627
2020-11-17 23:34:37,021:INFO: Epoch 31/100
2020-11-17 23:34:55,032:INFO: - Train metrics: accuracy: 0.450 ; loss: 1.561
2020-11-17 23:34:55,781:INFO: - Eval metrics : accuracy: 0.413 ; loss: 1.613
2020-11-17 23:34:55,796:INFO: - Found new best accuracy
2020-11-17 23:34:55,800:INFO: Epoch 32/100
2020-11-17 23:35:15,544:INFO: - Train metrics: accuracy: 0.470 ; loss: 1.562
2020-11-17 23:35:16,331:INFO: - Eval metrics : accuracy: 0.413 ; loss: 1.610
2020-11-17 23:35:16,340:INFO: - Found new best accuracy
2020-11-17 23:35:16,347:INFO: Epoch 33/100
2020-11-17 23:35:41,391:INFO: - Train metrics: accuracy: 0.420 ; loss: 1.530
2020-11-17 23:35:42,420:INFO: - Eval metrics : accuracy: 0.410 ; loss: 1.619
2020-11-17 23:35:42,432:INFO: Epoch 34/100
2020-11-17 23:36:04,129:INFO: - Train metrics: accuracy: 0.480 ; loss: 1.556
2020-11-17 23:36:04,947:INFO: - Eval metrics : accuracy: 0.409 ; loss: 1.613
2020-11-17 23:36:04,961:INFO: Epoch 35/100
2020-11-17 23:36:24,850:INFO: - Train metrics: accuracy: 0.440 ; loss: 1.541
2020-11-17 23:36:25,651:INFO: - Eval metrics : accuracy: 0.414 ; loss: 1.611
2020-11-17 23:36:25,656:INFO: - Found new best accuracy
2020-11-17 23:36:25,660:INFO: Epoch 36/100
2020-11-17 23:36:47,565:INFO: - Train metrics: accuracy: 0.500 ; loss: 1.488
2020-11-17 23:36:48,741:INFO: - Eval metrics : accuracy: 0.419 ; loss: 1.599
2020-11-17 23:36:48,753:INFO: - Found new best accuracy
2020-11-17 23:36:48,754:INFO: Epoch 37/100
2020-11-17 23:37:14,370:INFO: - Train metrics: accuracy: 0.480 ; loss: 1.523
2020-11-17 23:37:15,127:INFO: - Eval metrics : accuracy: 0.410 ; loss: 1.608
2020-11-17 23:37:15,136:INFO: Epoch 38/100
2020-11-17 23:37:34,784:INFO: - Train metrics: accuracy: 0.490 ; loss: 1.535
2020-11-17 23:37:35,549:INFO: - Eval metrics : accuracy: 0.414 ; loss: 1.608
2020-11-17 23:37:35,559:INFO: Epoch 39/100
2020-11-17 23:37:55,526:INFO: - Train metrics: accuracy: 0.470 ; loss: 1.536
2020-11-17 23:37:56,297:INFO: - Eval metrics : accuracy: 0.414 ; loss: 1.607
2020-11-17 23:37:56,303:INFO: Epoch 40/100
2020-11-17 23:38:20,710:INFO: - Train metrics: accuracy: 0.480 ; loss: 1.462
2020-11-17 23:38:21,742:INFO: - Eval metrics : accuracy: 0.419 ; loss: 1.603
2020-11-17 23:38:21,749:INFO: - Found new best accuracy
2020-11-17 23:38:21,749:INFO: Epoch 41/100
2020-11-17 23:38:43,669:INFO: - Train metrics: accuracy: 0.470 ; loss: 1.518
2020-11-17 23:38:44,496:INFO: - Eval metrics : accuracy: 0.420 ; loss: 1.599
2020-11-17 23:38:44,501:INFO: - Found new best accuracy
2020-11-17 23:38:44,508:INFO: Epoch 42/100
2020-11-17 23:39:04,241:INFO: - Train metrics: accuracy: 0.480 ; loss: 1.505
2020-11-17 23:39:05,020:INFO: - Eval metrics : accuracy: 0.416 ; loss: 1.601
2020-11-17 23:39:05,030:INFO: Epoch 43/100
2020-11-17 23:39:25,923:INFO: - Train metrics: accuracy: 0.490 ; loss: 1.549
2020-11-17 23:39:26,973:INFO: - Eval metrics : accuracy: 0.417 ; loss: 1.600
2020-11-17 23:39:26,980:INFO: Epoch 44/100
2020-11-17 23:39:52,032:INFO: - Train metrics: accuracy: 0.490 ; loss: 1.515
2020-11-17 23:39:53,069:INFO: - Eval metrics : accuracy: 0.422 ; loss: 1.593
2020-11-17 23:39:53,076:INFO: - Found new best accuracy
2020-11-17 23:39:53,076:INFO: Epoch 45/100
2020-11-17 23:40:13,278:INFO: - Train metrics: accuracy: 0.500 ; loss: 1.462
2020-11-17 23:40:14,046:INFO: - Eval metrics : accuracy: 0.423 ; loss: 1.596
2020-11-17 23:40:14,057:INFO: - Found new best accuracy
2020-11-17 23:40:14,064:INFO: Epoch 46/100
2020-11-17 23:40:34,037:INFO: - Train metrics: accuracy: 0.480 ; loss: 1.480
2020-11-17 23:40:34,821:INFO: - Eval metrics : accuracy: 0.421 ; loss: 1.599
2020-11-17 23:40:34,836:INFO: Epoch 47/100
2020-11-17 23:40:58,563:INFO: - Train metrics: accuracy: 0.480 ; loss: 1.505
2020-11-17 23:40:59,657:INFO: - Eval metrics : accuracy: 0.424 ; loss: 1.589
2020-11-17 23:40:59,665:INFO: - Found new best accuracy
2020-11-17 23:40:59,672:INFO: Epoch 48/100
2020-11-17 23:41:22,857:INFO: - Train metrics: accuracy: 0.520 ; loss: 1.520
2020-11-17 23:41:23,637:INFO: - Eval metrics : accuracy: 0.420 ; loss: 1.602
2020-11-17 23:41:23,649:INFO: Epoch 49/100
2020-11-17 23:41:43,366:INFO: - Train metrics: accuracy: 0.480 ; loss: 1.474
2020-11-17 23:41:44,128:INFO: - Eval metrics : accuracy: 0.422 ; loss: 1.591
2020-11-17 23:41:44,145:INFO: Epoch 50/100
2020-11-17 23:42:05,042:INFO: - Train metrics: accuracy: 0.530 ; loss: 1.480
2020-11-17 23:42:06,178:INFO: - Eval metrics : accuracy: 0.428 ; loss: 1.590
2020-11-17 23:42:06,192:INFO: - Found new best accuracy
2020-11-17 23:42:06,193:INFO: Epoch 51/100
2020-11-17 23:42:31,595:INFO: - Train metrics: accuracy: 0.490 ; loss: 1.494
2020-11-17 23:42:32,757:INFO: - Eval metrics : accuracy: 0.429 ; loss: 1.589
2020-11-17 23:42:32,764:INFO: - Found new best accuracy
2020-11-17 23:42:32,771:INFO: Epoch 52/100
2020-11-17 23:42:53,678:INFO: - Train metrics: accuracy: 0.470 ; loss: 1.519
2020-11-17 23:42:54,461:INFO: - Eval metrics : accuracy: 0.428 ; loss: 1.588
2020-11-17 23:42:54,473:INFO: Epoch 53/100
2020-11-17 23:43:14,509:INFO: - Train metrics: accuracy: 0.460 ; loss: 1.495
2020-11-17 23:43:15,266:INFO: - Eval metrics : accuracy: 0.424 ; loss: 1.592
2020-11-17 23:43:15,282:INFO: Epoch 54/100
2020-11-17 23:43:38,282:INFO: - Train metrics: accuracy: 0.490 ; loss: 1.502
2020-11-17 23:43:39,487:INFO: - Eval metrics : accuracy: 0.427 ; loss: 1.594
2020-11-17 23:43:39,500:INFO: Epoch 55/100
2020-11-17 23:44:03,380:INFO: - Train metrics: accuracy: 0.460 ; loss: 1.489
2020-11-17 23:44:04,202:INFO: - Eval metrics : accuracy: 0.430 ; loss: 1.584
2020-11-17 23:44:04,210:INFO: - Found new best accuracy
2020-11-17 23:44:04,217:INFO: Epoch 56/100
2020-11-17 23:44:24,112:INFO: - Train metrics: accuracy: 0.500 ; loss: 1.527
2020-11-17 23:44:24,884:INFO: - Eval metrics : accuracy: 0.427 ; loss: 1.586
2020-11-17 23:44:24,898:INFO: Epoch 57/100
2020-11-17 23:44:44,704:INFO: - Train metrics: accuracy: 0.490 ; loss: 1.484
2020-11-17 23:44:45,772:INFO: - Eval metrics : accuracy: 0.427 ; loss: 1.584
2020-11-17 23:44:45,787:INFO: Epoch 58/100
2020-11-17 23:45:11,578:INFO: - Train metrics: accuracy: 0.490 ; loss: 1.481
2020-11-17 23:45:12,696:INFO: - Eval metrics : accuracy: 0.433 ; loss: 1.580
2020-11-17 23:45:12,706:INFO: - Found new best accuracy
2020-11-17 23:45:12,713:INFO: Epoch 59/100
2020-11-17 23:45:33,430:INFO: - Train metrics: accuracy: 0.500 ; loss: 1.548
2020-11-17 23:45:34,200:INFO: - Eval metrics : accuracy: 0.435 ; loss: 1.584
2020-11-17 23:45:34,216:INFO: - Found new best accuracy
2020-11-17 23:45:34,220:INFO: Epoch 60/100
2020-11-17 23:45:54,091:INFO: - Train metrics: accuracy: 0.500 ; loss: 1.492
2020-11-17 23:45:54,890:INFO: - Eval metrics : accuracy: 0.428 ; loss: 1.582
2020-11-17 23:45:54,905:INFO: Epoch 61/100
2020-11-17 23:46:18,347:INFO: - Train metrics: accuracy: 0.430 ; loss: 1.493
2020-11-17 23:46:19,419:INFO: - Eval metrics : accuracy: 0.436 ; loss: 1.583
2020-11-17 23:46:19,431:INFO: - Found new best accuracy
2020-11-17 23:46:19,432:INFO: Epoch 62/100
2020-11-17 23:46:43,305:INFO: - Train metrics: accuracy: 0.470 ; loss: 1.529
2020-11-17 23:46:44,083:INFO: - Eval metrics : accuracy: 0.426 ; loss: 1.584
2020-11-17 23:46:44,093:INFO: Epoch 63/100
2020-11-17 23:47:04,126:INFO: - Train metrics: accuracy: 0.490 ; loss: 1.526
2020-11-17 23:47:04,874:INFO: - Eval metrics : accuracy: 0.430 ; loss: 1.584
2020-11-17 23:47:04,881:INFO: Epoch 64/100
2020-11-17 23:47:25,041:INFO: - Train metrics: accuracy: 0.460 ; loss: 1.456
2020-11-17 23:47:26,097:INFO: - Eval metrics : accuracy: 0.432 ; loss: 1.584
2020-11-17 23:47:26,109:INFO: Epoch 65/100
2020-11-17 23:47:51,122:INFO: - Train metrics: accuracy: 0.440 ; loss: 1.514
2020-11-17 23:47:52,172:INFO: - Eval metrics : accuracy: 0.426 ; loss: 1.586
2020-11-17 23:47:52,188:INFO: Epoch 66/100
2020-11-17 23:48:13,298:INFO: - Train metrics: accuracy: 0.500 ; loss: 1.493
2020-11-17 23:48:14,056:INFO: - Eval metrics : accuracy: 0.433 ; loss: 1.577
2020-11-17 23:48:14,067:INFO: Epoch 67/100
2020-11-17 23:48:33,964:INFO: - Train metrics: accuracy: 0.510 ; loss: 1.494
2020-11-17 23:48:34,739:INFO: - Eval metrics : accuracy: 0.436 ; loss: 1.572
2020-11-17 23:48:34,745:INFO: - Found new best accuracy
2020-11-17 23:48:34,752:INFO: Epoch 68/100
2020-11-17 23:48:58,860:INFO: - Train metrics: accuracy: 0.500 ; loss: 1.502
2020-11-17 23:49:00,427:INFO: - Eval metrics : accuracy: 0.438 ; loss: 1.575
2020-11-17 23:49:00,438:INFO: - Found new best accuracy
2020-11-17 23:49:00,450:INFO: Epoch 69/100
2020-11-17 23:49:24,258:INFO: - Train metrics: accuracy: 0.480 ; loss: 1.478
2020-11-17 23:49:25,022:INFO: - Eval metrics : accuracy: 0.435 ; loss: 1.579
2020-11-17 23:49:25,038:INFO: Epoch 70/100
2020-11-17 23:49:44,838:INFO: - Train metrics: accuracy: 0.490 ; loss: 1.489
2020-11-17 23:49:45,597:INFO: - Eval metrics : accuracy: 0.425 ; loss: 1.577
2020-11-17 23:49:45,607:INFO: Epoch 71/100
2020-11-17 23:50:06,327:INFO: - Train metrics: accuracy: 0.470 ; loss: 1.532
2020-11-17 23:50:07,404:INFO: - Eval metrics : accuracy: 0.427 ; loss: 1.585
2020-11-17 23:50:07,419:INFO: Epoch 72/100
2020-11-17 23:50:32,619:INFO: - Train metrics: accuracy: 0.490 ; loss: 1.535
2020-11-17 23:50:33,700:INFO: - Eval metrics : accuracy: 0.430 ; loss: 1.577
2020-11-17 23:50:33,713:INFO: Epoch 73/100
2020-11-17 23:50:53,942:INFO: - Train metrics: accuracy: 0.420 ; loss: 1.546
2020-11-17 23:50:54,711:INFO: - Eval metrics : accuracy: 0.433 ; loss: 1.576
2020-11-17 23:50:54,730:INFO: Epoch 74/100
2020-11-17 23:51:14,642:INFO: - Train metrics: accuracy: 0.510 ; loss: 1.479
2020-11-17 23:51:15,419:INFO: - Eval metrics : accuracy: 0.433 ; loss: 1.577
2020-11-17 23:51:15,431:INFO: Epoch 75/100
2020-11-17 23:51:38,412:INFO: - Train metrics: accuracy: 0.460 ; loss: 1.485
2020-11-17 23:51:39,389:INFO: - Eval metrics : accuracy: 0.433 ; loss: 1.573
2020-11-17 23:51:39,405:INFO: Epoch 76/100
2020-11-17 23:52:03,126:INFO: - Train metrics: accuracy: 0.460 ; loss: 1.534
2020-11-17 23:52:03,894:INFO: - Eval metrics : accuracy: 0.433 ; loss: 1.572
2020-11-17 23:52:03,907:INFO: Epoch 77/100
2020-11-17 23:52:23,599:INFO: - Train metrics: accuracy: 0.480 ; loss: 1.432
2020-11-17 23:52:24,368:INFO: - Eval metrics : accuracy: 0.431 ; loss: 1.577
2020-11-17 23:52:24,387:INFO: Epoch 78/100
2020-11-17 23:52:44,197:INFO: - Train metrics: accuracy: 0.500 ; loss: 1.464
2020-11-17 23:52:45,245:INFO: - Eval metrics : accuracy: 0.433 ; loss: 1.577
2020-11-17 23:52:45,258:INFO: Epoch 79/100
2020-11-17 23:53:10,598:INFO: - Train metrics: accuracy: 0.510 ; loss: 1.537
2020-11-17 23:53:11,752:INFO: - Eval metrics : accuracy: 0.434 ; loss: 1.575
2020-11-17 23:53:11,766:INFO: Epoch 80/100
2020-11-17 23:53:32,909:INFO: - Train metrics: accuracy: 0.480 ; loss: 1.497
2020-11-17 23:53:33,666:INFO: - Eval metrics : accuracy: 0.430 ; loss: 1.575
2020-11-17 23:53:33,683:INFO: Epoch 81/100
2020-11-17 23:53:53,451:INFO: - Train metrics: accuracy: 0.450 ; loss: 1.495
2020-11-17 23:53:54,213:INFO: - Eval metrics : accuracy: 0.431 ; loss: 1.573
2020-11-17 23:53:54,229:INFO: Epoch 82/100
2020-11-17 23:54:16,830:INFO: - Train metrics: accuracy: 0.480 ; loss: 1.501
2020-11-17 23:54:17,872:INFO: - Eval metrics : accuracy: 0.429 ; loss: 1.577
2020-11-17 23:54:17,886:INFO: Epoch 83/100
2020-11-17 23:54:42,090:INFO: - Train metrics: accuracy: 0.510 ; loss: 1.480
2020-11-17 23:54:42,888:INFO: - Eval metrics : accuracy: 0.436 ; loss: 1.572
2020-11-17 23:54:42,902:INFO: Epoch 84/100
2020-11-17 23:55:03,226:INFO: - Train metrics: accuracy: 0.490 ; loss: 1.509
2020-11-17 23:55:03,992:INFO: - Eval metrics : accuracy: 0.434 ; loss: 1.572
2020-11-17 23:55:04,005:INFO: Epoch 85/100
2020-11-17 23:55:23,969:INFO: - Train metrics: accuracy: 0.450 ; loss: 1.544
2020-11-17 23:55:24,784:INFO: - Eval metrics : accuracy: 0.434 ; loss: 1.575
2020-11-17 23:55:24,799:INFO: Epoch 86/100
2020-11-17 23:55:48,678:INFO: - Train metrics: accuracy: 0.460 ; loss: 1.548
2020-11-17 23:55:49,909:INFO: - Eval metrics : accuracy: 0.437 ; loss: 1.575
2020-11-17 23:55:49,922:INFO: Epoch 87/100
2020-11-17 23:56:07,684:INFO: - Train metrics: accuracy: 0.450 ; loss: 1.495
2020-11-17 23:56:08,520:INFO: - Eval metrics : accuracy: 0.435 ; loss: 1.573
2020-11-17 23:56:08,535:INFO: Epoch 88/100
2020-11-17 23:56:28,409:INFO: - Train metrics: accuracy: 0.480 ; loss: 1.519
2020-11-17 23:56:29,165:INFO: - Eval metrics : accuracy: 0.435 ; loss: 1.573
2020-11-17 23:56:29,171:INFO: Epoch 89/100
2020-11-17 23:56:49,512:INFO: - Train metrics: accuracy: 0.440 ; loss: 1.498
2020-11-17 23:56:50,524:INFO: - Eval metrics : accuracy: 0.434 ; loss: 1.575
2020-11-17 23:56:50,533:INFO: Epoch 90/100
2020-11-17 23:57:15,487:INFO: - Train metrics: accuracy: 0.460 ; loss: 1.510
2020-11-17 23:57:16,561:INFO: - Eval metrics : accuracy: 0.437 ; loss: 1.573
2020-11-17 23:57:16,564:INFO: Epoch 91/100
2020-11-17 23:57:37,436:INFO: - Train metrics: accuracy: 0.490 ; loss: 1.482
2020-11-17 23:57:38,202:INFO: - Eval metrics : accuracy: 0.437 ; loss: 1.573
2020-11-17 23:57:38,212:INFO: Epoch 92/100
2020-11-17 23:57:57,763:INFO: - Train metrics: accuracy: 0.460 ; loss: 1.512
2020-11-17 23:57:58,533:INFO: - Eval metrics : accuracy: 0.433 ; loss: 1.582
2020-11-17 23:57:58,543:INFO: Epoch 93/100
2020-11-17 23:58:20,753:INFO: - Train metrics: accuracy: 0.470 ; loss: 1.487
2020-11-17 23:58:21,823:INFO: - Eval metrics : accuracy: 0.435 ; loss: 1.575
2020-11-17 23:58:21,830:INFO: Epoch 94/100
2020-11-17 23:58:46,181:INFO: - Train metrics: accuracy: 0.480 ; loss: 1.464
2020-11-17 23:58:46,952:INFO: - Eval metrics : accuracy: 0.437 ; loss: 1.568
2020-11-17 23:58:46,964:INFO: Epoch 95/100
2020-11-17 23:59:06,538:INFO: - Train metrics: accuracy: 0.510 ; loss: 1.484
2020-11-17 23:59:07,314:INFO: - Eval metrics : accuracy: 0.435 ; loss: 1.569
2020-11-17 23:59:07,330:INFO: Epoch 96/100
2020-11-17 23:59:27,112:INFO: - Train metrics: accuracy: 0.480 ; loss: 1.558
2020-11-17 23:59:27,883:INFO: - Eval metrics : accuracy: 0.431 ; loss: 1.579
2020-11-17 23:59:27,897:INFO: Epoch 97/100
2020-11-17 23:59:52,225:INFO: - Train metrics: accuracy: 0.470 ; loss: 1.491
2020-11-17 23:59:53,361:INFO: - Eval metrics : accuracy: 0.431 ; loss: 1.575
2020-11-17 23:59:53,373:INFO: Epoch 98/100
2020-11-18 00:00:10,870:INFO: - Train metrics: accuracy: 0.470 ; loss: 1.462
2020-11-18 00:00:11,796:INFO: - Eval metrics : accuracy: 0.439 ; loss: 1.570
2020-11-18 00:00:11,805:INFO: - Found new best accuracy
2020-11-18 00:00:11,817:INFO: Epoch 99/100
2020-11-18 00:00:27,001:INFO: - Train metrics: accuracy: 0.500 ; loss: 1.465
2020-11-18 00:00:27,767:INFO: - Eval metrics : accuracy: 0.441 ; loss: 1.570
2020-11-18 00:00:27,777:INFO: - Found new best accuracy
2020-11-18 00:00:27,790:INFO: Epoch 100/100
2020-11-18 00:00:47,407:INFO: - Train metrics: accuracy: 0.470 ; loss: 1.479
2020-11-18 00:00:48,184:INFO: - Eval metrics : accuracy: 0.434 ; loss: 1.573
