2020-11-14 15:41:15,254:INFO: Loading the datasets...
2020-11-14 15:41:15,644:INFO: - done.
2020-11-14 15:41:19,126:INFO: Starting training for 20 epoch(s)
2020-11-14 15:41:19,126:INFO: Epoch 1/20
2020-11-14 15:46:05,673:INFO: - Train metrics: accuracy: 0.390 ; loss: 1.694
2020-11-14 15:46:25,661:INFO: - Eval metrics : accuracy: 0.425 ; loss: 1.581
2020-11-14 15:46:25,672:INFO: - Found new best accuracy
2020-11-14 15:46:25,672:INFO: Epoch 2/20
2020-11-14 15:51:08,330:INFO: - Train metrics: accuracy: 0.540 ; loss: 1.455
2020-11-14 15:51:28,201:INFO: - Eval metrics : accuracy: 0.470 ; loss: 1.526
2020-11-14 15:51:28,231:INFO: - Found new best accuracy
2020-11-14 15:51:28,244:INFO: Epoch 3/20
2020-11-14 15:56:12,120:INFO: - Train metrics: accuracy: 0.590 ; loss: 1.294
2020-11-14 15:56:32,078:INFO: - Eval metrics : accuracy: 0.533 ; loss: 1.292
2020-11-14 15:56:32,109:INFO: - Found new best accuracy
2020-11-14 15:56:32,122:INFO: Epoch 4/20
2020-11-14 16:01:18,168:INFO: - Train metrics: accuracy: 0.550 ; loss: 1.337
2020-11-14 16:01:38,144:INFO: - Eval metrics : accuracy: 0.533 ; loss: 1.300
2020-11-14 16:01:38,175:INFO: - Found new best accuracy
2020-11-14 16:01:38,188:INFO: Epoch 5/20
2020-11-14 16:06:20,188:INFO: - Train metrics: accuracy: 0.600 ; loss: 1.228
2020-11-14 16:06:40,165:INFO: - Eval metrics : accuracy: 0.562 ; loss: 1.205
2020-11-14 16:06:40,188:INFO: - Found new best accuracy
2020-11-14 16:06:40,201:INFO: Epoch 6/20
2020-11-14 16:11:22,956:INFO: - Train metrics: accuracy: 0.590 ; loss: 1.137
2020-11-14 16:11:42,867:INFO: - Eval metrics : accuracy: 0.568 ; loss: 1.181
2020-11-14 16:11:42,892:INFO: - Found new best accuracy
2020-11-14 16:11:42,905:INFO: Epoch 7/20
2020-11-14 16:16:26,089:INFO: - Train metrics: accuracy: 0.590 ; loss: 1.138
2020-11-14 16:16:46,055:INFO: - Eval metrics : accuracy: 0.577 ; loss: 1.122
2020-11-14 16:16:46,085:INFO: - Found new best accuracy
2020-11-14 16:16:46,098:INFO: Epoch 8/20
2020-11-14 16:21:28,007:INFO: - Train metrics: accuracy: 0.620 ; loss: 1.110
2020-11-14 16:21:47,982:INFO: - Eval metrics : accuracy: 0.582 ; loss: 1.103
2020-11-14 16:21:48,006:INFO: - Found new best accuracy
2020-11-14 16:21:48,019:INFO: Epoch 9/20
2020-11-14 16:26:34,524:INFO: - Train metrics: accuracy: 0.640 ; loss: 1.060
2020-11-14 16:26:54,485:INFO: - Eval metrics : accuracy: 0.580 ; loss: 1.105
2020-11-14 16:26:54,511:INFO: Epoch 10/20
2020-11-14 16:31:37,595:INFO: - Train metrics: accuracy: 0.650 ; loss: 1.078
2020-11-14 16:31:57,493:INFO: - Eval metrics : accuracy: 0.591 ; loss: 1.098
2020-11-14 16:31:57,523:INFO: - Found new best accuracy
2020-11-14 16:31:57,536:INFO: Epoch 11/20
2020-11-14 16:36:39,129:INFO: - Train metrics: accuracy: 0.590 ; loss: 1.117
2020-11-14 16:36:59,057:INFO: - Eval metrics : accuracy: 0.610 ; loss: 1.060
2020-11-14 16:36:59,087:INFO: - Found new best accuracy
2020-11-14 16:36:59,100:INFO: Epoch 12/20
2020-11-14 16:41:41,276:INFO: - Train metrics: accuracy: 0.620 ; loss: 0.995
2020-11-14 16:42:01,170:INFO: - Eval metrics : accuracy: 0.632 ; loss: 1.017
2020-11-14 16:42:01,200:INFO: - Found new best accuracy
2020-11-14 16:42:01,213:INFO: Epoch 13/20
2020-11-14 16:46:43,169:INFO: - Train metrics: accuracy: 0.650 ; loss: 1.046
2020-11-14 16:47:03,185:INFO: - Eval metrics : accuracy: 0.622 ; loss: 1.047
2020-11-14 16:47:03,216:INFO: Epoch 14/20
2020-11-14 16:51:46,986:INFO: - Train metrics: accuracy: 0.600 ; loss: 0.949
2020-11-14 16:52:06,905:INFO: - Eval metrics : accuracy: 0.612 ; loss: 1.058
2020-11-14 16:52:06,933:INFO: Epoch 15/20
2020-11-14 16:56:50,210:INFO: - Train metrics: accuracy: 0.590 ; loss: 0.997
2020-11-14 16:57:10,194:INFO: - Eval metrics : accuracy: 0.612 ; loss: 1.041
2020-11-14 16:57:10,220:INFO: Epoch 16/20
2020-11-14 17:01:55,691:INFO: - Train metrics: accuracy: 0.620 ; loss: 0.990
2020-11-14 17:02:15,653:INFO: - Eval metrics : accuracy: 0.619 ; loss: 1.071
2020-11-14 17:02:15,681:INFO: Epoch 17/20
2020-11-14 17:06:59,651:INFO: - Train metrics: accuracy: 0.620 ; loss: 0.918
2020-11-14 17:07:19,640:INFO: - Eval metrics : accuracy: 0.634 ; loss: 1.030
2020-11-14 17:07:19,675:INFO: - Found new best accuracy
2020-11-14 17:07:19,685:INFO: Epoch 18/20
2020-11-14 17:12:03,778:INFO: - Train metrics: accuracy: 0.650 ; loss: 0.936
2020-11-14 17:12:23,710:INFO: - Eval metrics : accuracy: 0.628 ; loss: 1.045
2020-11-14 17:12:23,742:INFO: Epoch 19/20
2020-11-14 17:17:07,237:INFO: - Train metrics: accuracy: 0.670 ; loss: 0.881
2020-11-14 17:17:27,162:INFO: - Eval metrics : accuracy: 0.624 ; loss: 1.027
2020-11-14 17:17:27,189:INFO: Epoch 20/20
2020-11-14 17:22:10,682:INFO: - Train metrics: accuracy: 0.620 ; loss: 0.962
2020-11-14 17:22:30,664:INFO: - Eval metrics : accuracy: 0.636 ; loss: 1.031
2020-11-14 17:22:30,695:INFO: - Found new best accuracy
