2020-11-21 11:14:21,081:INFO: Loading the datasets...
2020-11-21 11:14:26,706:INFO: - done.
2020-11-21 11:14:37,522:INFO: Starting training for 30 epoch(s)
2020-11-21 11:14:37,522:INFO: Epoch 1/30
2020-11-21 11:19:26,009:INFO: - Train metrics: accuracy: 0.440 ; loss: 1.600
2020-11-21 11:19:51,756:INFO: - Eval metrics : accuracy: 0.490 ; loss: 1.437
2020-11-21 11:19:51,773:INFO: - Found new best accuracy
2020-11-21 11:19:51,779:INFO: Epoch 2/30
2020-11-21 11:24:43,815:INFO: - Train metrics: accuracy: 0.570 ; loss: 1.335
2020-11-21 11:25:09,621:INFO: - Eval metrics : accuracy: 0.526 ; loss: 1.318
2020-11-21 11:25:09,640:INFO: - Found new best accuracy
2020-11-21 11:25:09,647:INFO: Epoch 3/30
2020-11-21 11:30:02,129:INFO: - Train metrics: accuracy: 0.550 ; loss: 1.270
2020-11-21 11:30:28,211:INFO: - Eval metrics : accuracy: 0.557 ; loss: 1.221
2020-11-21 11:30:28,231:INFO: - Found new best accuracy
2020-11-21 11:30:28,246:INFO: Epoch 4/30
2020-11-21 11:35:24,730:INFO: - Train metrics: accuracy: 0.550 ; loss: 1.361
2020-11-21 11:35:51,195:INFO: - Eval metrics : accuracy: 0.529 ; loss: 1.285
2020-11-21 11:35:51,210:INFO: Epoch 5/30
2020-11-21 11:40:53,878:INFO: - Train metrics: accuracy: 0.580 ; loss: 1.230
2020-11-21 11:41:21,385:INFO: - Eval metrics : accuracy: 0.577 ; loss: 1.158
2020-11-21 11:41:21,405:INFO: - Found new best accuracy
2020-11-21 11:41:21,412:INFO: Epoch 6/30
2020-11-21 11:46:29,007:INFO: - Train metrics: accuracy: 0.640 ; loss: 1.151
2020-11-21 11:46:56,165:INFO: - Eval metrics : accuracy: 0.582 ; loss: 1.142
2020-11-21 11:46:56,185:INFO: - Found new best accuracy
2020-11-21 11:46:56,192:INFO: Epoch 7/30
2020-11-21 11:52:03,386:INFO: - Train metrics: accuracy: 0.580 ; loss: 1.094
2020-11-21 11:52:31,464:INFO: - Eval metrics : accuracy: 0.586 ; loss: 1.111
2020-11-21 11:52:31,487:INFO: - Found new best accuracy
2020-11-21 11:52:31,495:INFO: Epoch 8/30
2020-11-21 11:57:45,096:INFO: - Train metrics: accuracy: 0.610 ; loss: 1.130
2020-11-21 11:58:12,868:INFO: - Eval metrics : accuracy: 0.566 ; loss: 1.198
2020-11-21 11:58:12,882:INFO: Epoch 9/30
2020-11-21 12:03:24,754:INFO: - Train metrics: accuracy: 0.620 ; loss: 1.122
2020-11-21 12:03:52,470:INFO: - Eval metrics : accuracy: 0.588 ; loss: 1.085
2020-11-21 12:03:52,490:INFO: - Found new best accuracy
2020-11-21 12:03:52,497:INFO: Epoch 10/30
2020-11-21 12:09:03,850:INFO: - Train metrics: accuracy: 0.640 ; loss: 1.019
2020-11-21 12:09:31,314:INFO: - Eval metrics : accuracy: 0.579 ; loss: 1.186
2020-11-21 12:09:31,328:INFO: Epoch 11/30
2020-11-21 12:14:41,006:INFO: - Train metrics: accuracy: 0.610 ; loss: 0.989
2020-11-21 12:15:08,505:INFO: - Eval metrics : accuracy: 0.604 ; loss: 1.116
2020-11-21 12:15:08,525:INFO: - Found new best accuracy
2020-11-21 12:15:08,532:INFO: Epoch 12/30
2020-11-21 12:20:18,832:INFO: - Train metrics: accuracy: 0.590 ; loss: 1.010
2020-11-21 12:20:46,419:INFO: - Eval metrics : accuracy: 0.630 ; loss: 1.053
2020-11-21 12:20:46,437:INFO: - Found new best accuracy
2020-11-21 12:20:46,444:INFO: Epoch 13/30
2020-11-21 12:25:57,868:INFO: - Train metrics: accuracy: 0.610 ; loss: 0.997
2020-11-21 12:26:25,681:INFO: - Eval metrics : accuracy: 0.614 ; loss: 1.098
2020-11-21 12:26:25,695:INFO: Epoch 14/30
2020-11-21 12:31:37,415:INFO: - Train metrics: accuracy: 0.670 ; loss: 0.963
2020-11-21 12:32:05,175:INFO: - Eval metrics : accuracy: 0.641 ; loss: 1.023
2020-11-21 12:32:05,195:INFO: - Found new best accuracy
2020-11-21 12:32:05,202:INFO: Epoch 15/30
2020-11-21 12:37:16,001:INFO: - Train metrics: accuracy: 0.640 ; loss: 1.015
2020-11-21 12:37:43,488:INFO: - Eval metrics : accuracy: 0.638 ; loss: 1.035
2020-11-21 12:37:43,502:INFO: Epoch 16/30
2020-11-21 12:42:52,556:INFO: - Train metrics: accuracy: 0.590 ; loss: 1.057
2020-11-21 12:43:20,135:INFO: - Eval metrics : accuracy: 0.635 ; loss: 1.050
2020-11-21 12:43:20,150:INFO: Epoch 17/30
2020-11-21 12:48:29,671:INFO: - Train metrics: accuracy: 0.600 ; loss: 0.988
2020-11-21 12:48:57,110:INFO: - Eval metrics : accuracy: 0.631 ; loss: 1.069
2020-11-21 12:48:57,125:INFO: Epoch 18/30
2020-11-21 12:54:06,087:INFO: - Train metrics: accuracy: 0.640 ; loss: 0.902
2020-11-21 12:54:33,475:INFO: - Eval metrics : accuracy: 0.656 ; loss: 1.016
2020-11-21 12:54:33,494:INFO: - Found new best accuracy
2020-11-21 12:54:33,501:INFO: Epoch 19/30
2020-11-21 12:59:41,887:INFO: - Train metrics: accuracy: 0.670 ; loss: 0.981
2020-11-21 13:00:09,146:INFO: - Eval metrics : accuracy: 0.656 ; loss: 1.041
2020-11-21 13:00:09,166:INFO: - Found new best accuracy
2020-11-21 13:00:09,173:INFO: Epoch 20/30
2020-11-21 13:05:20,636:INFO: - Train metrics: accuracy: 0.630 ; loss: 0.894
2020-11-21 13:05:49,049:INFO: - Eval metrics : accuracy: 0.645 ; loss: 1.065
2020-11-21 13:05:49,065:INFO: Epoch 21/30
2020-11-21 13:11:07,193:INFO: - Train metrics: accuracy: 0.650 ; loss: 0.867
2020-11-21 13:11:35,198:INFO: - Eval metrics : accuracy: 0.661 ; loss: 1.049
2020-11-21 13:11:35,218:INFO: - Found new best accuracy
2020-11-21 13:11:35,226:INFO: Epoch 22/30
2020-11-21 13:16:50,464:INFO: - Train metrics: accuracy: 0.690 ; loss: 0.874
2020-11-21 13:17:18,480:INFO: - Eval metrics : accuracy: 0.657 ; loss: 1.016
2020-11-21 13:17:18,495:INFO: Epoch 23/30
2020-11-21 13:22:34,260:INFO: - Train metrics: accuracy: 0.670 ; loss: 0.907
2020-11-21 13:23:02,441:INFO: - Eval metrics : accuracy: 0.649 ; loss: 1.046
2020-11-21 13:23:02,456:INFO: Epoch 24/30
2020-11-21 13:28:18,191:INFO: - Train metrics: accuracy: 0.690 ; loss: 0.891
2020-11-21 13:28:46,408:INFO: - Eval metrics : accuracy: 0.643 ; loss: 1.080
2020-11-21 13:28:46,425:INFO: Epoch 25/30
2020-11-21 13:34:02,390:INFO: - Train metrics: accuracy: 0.660 ; loss: 0.898
2020-11-21 13:34:30,499:INFO: - Eval metrics : accuracy: 0.662 ; loss: 1.033
2020-11-21 13:34:30,517:INFO: - Found new best accuracy
2020-11-21 13:34:30,524:INFO: Epoch 26/30
2020-11-21 13:39:45,988:INFO: - Train metrics: accuracy: 0.720 ; loss: 0.830
2020-11-21 13:40:13,186:INFO: - Eval metrics : accuracy: 0.663 ; loss: 1.049
2020-11-21 13:40:13,206:INFO: - Found new best accuracy
2020-11-21 13:40:13,213:INFO: Epoch 27/30
2020-11-21 13:45:09,705:INFO: - Train metrics: accuracy: 0.670 ; loss: 0.839
2020-11-21 13:45:35,438:INFO: - Eval metrics : accuracy: 0.663 ; loss: 1.031
2020-11-21 13:45:35,452:INFO: Epoch 28/30
2020-11-21 13:50:21,300:INFO: - Train metrics: accuracy: 0.700 ; loss: 0.743
2020-11-21 13:50:46,648:INFO: - Eval metrics : accuracy: 0.657 ; loss: 1.040
2020-11-21 13:50:46,662:INFO: Epoch 29/30
2020-11-21 13:55:31,534:INFO: - Train metrics: accuracy: 0.710 ; loss: 0.752
2020-11-21 13:55:56,803:INFO: - Eval metrics : accuracy: 0.656 ; loss: 1.068
2020-11-21 13:55:56,816:INFO: Epoch 30/30
2020-11-21 14:00:39,151:INFO: - Train metrics: accuracy: 0.780 ; loss: 0.784
2020-11-21 14:01:04,126:INFO: - Eval metrics : accuracy: 0.658 ; loss: 1.100
