2020-11-17 13:09:29,029:INFO: Creating the dataset...
2020-11-17 13:09:29,121:INFO: - done.
2020-11-17 13:09:29,124:INFO: Starting evaluation
2020-11-17 13:34:45,049:INFO: Creating the dataset...
2020-11-17 13:34:45,153:INFO: - done.
2020-11-17 13:34:45,157:INFO: Starting evaluation
2020-11-17 13:34:59,052:INFO: Creating the dataset...
2020-11-17 13:34:59,145:INFO: - done.
2020-11-17 13:34:59,149:INFO: Starting evaluation
2020-11-17 13:35:22,564:INFO: Creating the dataset...
2020-11-17 13:35:22,662:INFO: - done.
2020-11-17 13:35:22,665:INFO: Starting evaluation
2020-11-17 13:36:02,087:INFO: Creating the dataset...
2020-11-17 13:36:02,169:INFO: - done.
2020-11-17 13:36:02,172:INFO: Starting evaluation
2020-11-17 14:49:22,469:INFO: Creating the dataset...
2020-11-17 14:49:22,557:INFO: - done.
2020-11-17 14:49:22,560:INFO: Starting evaluation
2020-11-17 14:49:35,468:INFO: Creating the dataset...
2020-11-17 14:49:35,548:INFO: - done.
2020-11-17 14:49:35,551:INFO: Starting evaluation
2020-11-17 14:52:18,694:INFO: Creating the dataset...
2020-11-17 14:52:18,800:INFO: - done.
2020-11-17 14:52:18,804:INFO: Starting evaluation
2020-11-17 14:57:50,734:INFO: Creating the dataset...
2020-11-17 14:57:50,825:INFO: - done.
2020-11-17 14:57:50,829:INFO: Starting evaluation
2020-11-17 15:00:10,923:INFO: Creating the dataset...
2020-11-17 15:00:10,994:INFO: - done.
2020-11-17 15:00:10,998:INFO: Starting evaluation
2020-11-17 15:00:24,590:INFO: Creating the dataset...
2020-11-17 15:00:24,671:INFO: - done.
2020-11-17 15:00:24,675:INFO: Starting evaluation
2020-11-17 15:00:51,155:INFO: Creating the dataset...
2020-11-17 15:00:51,232:INFO: - done.
2020-11-17 15:00:51,235:INFO: Starting evaluation
2020-11-17 15:01:05,441:INFO: Creating the dataset...
2020-11-17 15:01:05,528:INFO: - done.
2020-11-17 15:01:05,531:INFO: Starting evaluation
2020-11-17 15:03:57,896:INFO: Creating the dataset...
2020-11-17 15:03:57,976:INFO: - done.
2020-11-17 15:03:57,980:INFO: Starting evaluation
2020-11-17 15:04:04,923:INFO: Creating the dataset...
2020-11-17 15:04:05,019:INFO: - done.
2020-11-17 15:04:05,022:INFO: Starting evaluation
2020-11-17 15:04:59,559:INFO: Creating the dataset...
2020-11-17 15:04:59,661:INFO: - done.
2020-11-17 15:04:59,665:INFO: Starting evaluation
2020-11-17 15:05:07,795:INFO: Creating the dataset...
2020-11-17 15:05:07,892:INFO: - done.
2020-11-17 15:05:07,896:INFO: Starting evaluation
2020-11-17 15:05:30,968:INFO: Creating the dataset...
2020-11-17 15:05:31,056:INFO: - done.
2020-11-17 15:05:31,060:INFO: Starting evaluation
2020-11-17 15:07:23,858:INFO: Creating the dataset...
2020-11-17 15:07:23,935:INFO: - done.
2020-11-17 15:07:23,940:INFO: Starting evaluation
2020-11-17 15:07:45,951:INFO: Creating the dataset...
2020-11-17 15:07:46,030:INFO: - done.
2020-11-17 15:07:46,033:INFO: Starting evaluation
2020-11-17 15:08:19,304:INFO: Creating the dataset...
2020-11-17 15:08:19,387:INFO: - done.
2020-11-17 15:08:19,391:INFO: Starting evaluation
2020-11-17 15:08:45,150:INFO: Creating the dataset...
2020-11-17 15:08:45,247:INFO: - done.
2020-11-17 15:08:45,251:INFO: Starting evaluation
2020-11-17 15:10:05,077:INFO: Creating the dataset...
2020-11-17 15:10:05,148:INFO: - done.
2020-11-17 15:10:05,151:INFO: Starting evaluation
2020-11-17 15:10:45,547:INFO: Creating the dataset...
2020-11-17 15:10:45,623:INFO: - done.
2020-11-17 15:10:45,626:INFO: Starting evaluation
2020-11-17 15:18:43,951:INFO: Creating the dataset...
2020-11-17 15:18:44,043:INFO: - done.
2020-11-17 15:18:44,045:INFO: Starting evaluation
2020-11-17 15:20:17,006:INFO: Creating the dataset...
2020-11-17 15:20:17,097:INFO: - done.
2020-11-17 15:20:17,098:INFO: Starting evaluation
2020-11-17 16:17:51,264:INFO: Creating the dataset...
2020-11-17 16:17:51,354:INFO: - done.
2020-11-17 16:17:51,359:INFO: Starting evaluation
2020-11-17 16:18:31,199:INFO: Creating the dataset...
2020-11-17 16:18:31,285:INFO: - done.
2020-11-17 16:18:31,295:INFO: Starting evaluation
2020-11-17 16:18:45,714:INFO: Creating the dataset...
2020-11-17 16:18:45,797:INFO: - done.
2020-11-17 16:18:45,799:INFO: Starting evaluation
2020-11-17 16:20:17,349:INFO: Creating the dataset...
2020-11-17 16:20:17,427:INFO: - done.
2020-11-17 16:20:17,438:INFO: Starting evaluation
2020-11-17 16:20:39,262:INFO: Creating the dataset...
2020-11-17 16:20:39,348:INFO: - done.
2020-11-17 16:20:39,357:INFO: Starting evaluation
2020-11-17 16:26:44,891:INFO: Creating the dataset...
2020-11-17 16:26:44,980:INFO: - done.
2020-11-17 16:26:45,002:INFO: Starting evaluation
2020-11-17 16:27:10,350:INFO: Creating the dataset...
2020-11-17 16:27:10,437:INFO: - done.
2020-11-17 16:27:10,439:INFO: Starting evaluation
2020-11-17 16:36:26,052:INFO: Creating the dataset...
2020-11-17 16:36:26,140:INFO: - done.
2020-11-17 16:36:26,141:INFO: Starting evaluation
2020-11-17 16:37:26,381:INFO: Creating the dataset...
2020-11-17 16:37:26,468:INFO: - done.
2020-11-17 16:37:26,471:INFO: Starting evaluation
2020-11-17 17:16:44,009:INFO: Creating the dataset...
2020-11-17 17:16:44,100:INFO: - done.
2020-11-17 17:16:44,104:INFO: Starting evaluation
2020-11-20 15:54:10,490:INFO: Creating the dataset...
2020-11-20 15:54:10,575:INFO: - done.
2020-11-20 15:54:10,578:INFO: Starting evaluation
2020-11-20 15:55:18,067:INFO: - Eval metrics : accuracy: 0.677 ; loss: 0.984
2020-11-20 15:56:47,665:INFO: Creating the dataset...
2020-11-20 15:56:47,747:INFO: - done.
2020-11-20 15:56:47,749:INFO: Starting evaluation
2020-11-20 15:57:43,761:INFO: - Eval metrics : accuracy: 0.676 ; loss: 0.975
2020-11-20 16:00:51,775:INFO: Creating the dataset...
2020-11-20 16:00:51,854:INFO: - done.
2020-11-20 16:00:51,856:INFO: Starting evaluation
2020-11-20 16:13:30,703:INFO: Creating the dataset...
2020-11-20 16:13:30,786:INFO: - done.
2020-11-20 16:13:30,788:INFO: Starting evaluation
2020-11-20 16:14:09,919:INFO: Creating the dataset...
2020-11-20 16:14:09,993:INFO: - done.
2020-11-20 16:14:09,995:INFO: Starting evaluation
2020-11-20 16:15:21,655:INFO: Creating the dataset...
2020-11-20 16:15:21,726:INFO: - done.
2020-11-20 16:15:21,728:INFO: Starting evaluation
2020-11-20 16:16:06,221:INFO: Creating the dataset...
2020-11-20 16:16:06,291:INFO: - done.
2020-11-20 16:16:06,292:INFO: Starting evaluation
2020-11-20 16:17:14,555:INFO: - Eval metrics : accuracy: 0.675 ; loss: 0.986
2020-11-20 16:50:13,090:INFO: Creating the dataset...
2020-11-20 16:50:13,199:INFO: - done.
2020-11-20 16:50:13,201:INFO: Starting evaluation
2020-11-20 16:50:50,169:INFO: Creating the dataset...
2020-11-20 16:50:50,260:INFO: - done.
2020-11-20 16:50:50,262:INFO: Starting evaluation
2020-11-20 16:51:19,657:INFO: Creating the dataset...
2020-11-20 16:51:19,752:INFO: - done.
2020-11-20 16:51:19,755:INFO: Starting evaluation
2020-11-20 16:51:50,603:INFO: Creating the dataset...
2020-11-20 16:51:50,700:INFO: - done.
2020-11-20 16:51:50,702:INFO: Starting evaluation
2020-11-20 16:52:02,880:INFO: Creating the dataset...
2020-11-20 16:52:02,966:INFO: - done.
2020-11-20 16:52:02,969:INFO: Starting evaluation
2020-11-20 17:01:39,215:INFO: Creating the dataset...
2020-11-20 17:01:39,310:INFO: - done.
2020-11-20 17:01:39,312:INFO: Starting evaluation
2020-11-20 17:02:02,059:INFO: Creating the dataset...
2020-11-20 17:02:02,150:INFO: - done.
2020-11-20 17:02:02,152:INFO: Starting evaluation
2020-11-20 17:02:22,677:INFO: Creating the dataset...
2020-11-20 17:02:22,771:INFO: - done.
2020-11-20 17:02:22,773:INFO: Starting evaluation
2020-11-20 17:03:12,935:INFO: Creating the dataset...
2020-11-20 17:03:13,027:INFO: - done.
2020-11-20 17:03:13,029:INFO: Starting evaluation
2020-11-20 17:04:33,304:INFO: Creating the dataset...
2020-11-20 17:04:33,391:INFO: - done.
2020-11-20 17:04:33,394:INFO: Starting evaluation
2020-11-20 17:04:55,691:INFO: Creating the dataset...
2020-11-20 17:04:55,795:INFO: - done.
2020-11-20 17:04:55,796:INFO: Starting evaluation
2020-11-20 17:05:53,302:INFO: Creating the dataset...
2020-11-20 17:05:53,400:INFO: - done.
2020-11-20 17:05:53,402:INFO: Starting evaluation
2020-11-20 17:06:35,362:INFO: Creating the dataset...
2020-11-20 17:06:35,456:INFO: - done.
2020-11-20 17:06:35,459:INFO: Starting evaluation
2020-11-20 17:07:43,616:INFO: Creating the dataset...
2020-11-20 17:07:43,705:INFO: - done.
2020-11-20 17:07:43,707:INFO: Starting evaluation
2020-11-20 17:08:00,994:INFO: Creating the dataset...
2020-11-20 17:08:01,095:INFO: - done.
2020-11-20 17:08:01,097:INFO: Starting evaluation
2020-11-20 17:11:02,025:INFO: Creating the dataset...
2020-11-20 17:11:02,129:INFO: - done.
2020-11-20 17:11:02,131:INFO: Starting evaluation
2020-11-20 17:12:20,607:INFO: Creating the dataset...
2020-11-20 17:12:20,691:INFO: - done.
2020-11-20 17:12:20,692:INFO: Starting evaluation
2020-11-20 17:14:53,078:INFO: Creating the dataset...
2020-11-20 17:14:53,165:INFO: - done.
2020-11-20 17:14:53,167:INFO: Starting evaluation
2020-11-20 17:15:48,964:INFO: Creating the dataset...
2020-11-20 17:15:49,051:INFO: - done.
2020-11-20 17:15:49,053:INFO: Starting evaluation
2020-11-20 17:16:32,845:INFO: Creating the dataset...
2020-11-20 17:16:32,953:INFO: - done.
2020-11-20 17:16:32,956:INFO: Starting evaluation
2020-11-20 17:30:27,690:INFO: Creating the dataset...
2020-11-20 17:30:27,776:INFO: - done.
2020-11-20 17:30:27,779:INFO: Starting evaluation
2020-11-20 17:31:54,674:INFO: Creating the dataset...
2020-11-20 17:31:54,752:INFO: - done.
2020-11-20 17:31:54,754:INFO: Starting evaluation
2020-11-20 17:32:41,665:INFO: Creating the dataset...
2020-11-20 17:32:41,761:INFO: - done.
2020-11-20 17:32:41,764:INFO: Starting evaluation
2020-11-20 17:33:57,201:INFO: - Eval metrics : accuracy: 0.675 ; f1_micro: 0.675 ; f1_macro: 0.532 ; precision: 0.675 ; recall: 0.675 ; report: 0.000 ; loss: 0.986
2020-11-20 17:36:38,920:INFO: Creating the dataset...
2020-11-20 17:36:39,007:INFO: - done.
2020-11-20 17:36:39,008:INFO: Starting evaluation
2020-11-20 17:37:05,609:INFO: Creating the dataset...
2020-11-20 17:37:05,695:INFO: - done.
2020-11-20 17:37:05,697:INFO: Starting evaluation
2020-11-20 17:37:39,207:INFO: Creating the dataset...
2020-11-20 17:37:39,297:INFO: - done.
2020-11-20 17:37:39,299:INFO: Starting evaluation
2020-11-20 17:44:13,419:INFO: Creating the dataset...
2020-11-20 17:44:13,513:INFO: - done.
2020-11-20 17:44:13,515:INFO: Starting evaluation
2020-11-20 17:45:21,928:INFO: Creating the dataset...
2020-11-20 17:45:22,024:INFO: - done.
2020-11-20 17:45:22,025:INFO: Starting evaluation
2020-11-20 17:45:47,444:INFO: Creating the dataset...
2020-11-20 17:45:47,524:INFO: - done.
2020-11-20 17:45:47,526:INFO: Starting evaluation
2020-11-20 17:46:31,193:INFO: Creating the dataset...
2020-11-20 17:46:31,272:INFO: - done.
2020-11-20 17:46:31,274:INFO: Starting evaluation
2020-11-20 17:49:17,528:INFO: Creating the dataset...
2020-11-20 17:49:17,615:INFO: - done.
2020-11-20 17:49:17,618:INFO: Starting evaluation
2020-11-20 17:50:09,690:INFO: Creating the dataset...
2020-11-20 17:50:09,782:INFO: - done.
2020-11-20 17:50:09,784:INFO: Starting evaluation
2020-11-20 18:05:46,608:INFO: Creating the dataset...
2020-11-20 18:05:46,699:INFO: - done.
2020-11-20 18:05:46,701:INFO: Starting evaluation
2020-11-20 18:08:33,390:INFO: Creating the dataset...
2020-11-20 18:08:33,489:INFO: - done.
2020-11-20 18:08:33,492:INFO: Starting evaluation
2020-11-20 18:11:21,955:INFO: Creating the dataset...
2020-11-20 18:11:22,044:INFO: - done.
2020-11-20 18:11:22,046:INFO: Starting evaluation
2020-11-20 18:12:29,725:INFO: Creating the dataset...
2020-11-20 18:12:29,815:INFO: - done.
2020-11-20 18:12:29,817:INFO: Starting evaluation
2020-11-20 18:18:01,871:INFO: Creating the dataset...
2020-11-20 18:18:01,976:INFO: - done.
2020-11-20 18:18:01,978:INFO: Starting evaluation
2020-11-20 18:21:37,573:INFO: Creating the dataset...
2020-11-20 18:21:37,668:INFO: - done.
2020-11-20 18:21:37,670:INFO: Starting evaluation
2020-11-20 18:29:04,386:INFO: Creating the dataset...
2020-11-20 18:29:04,472:INFO: - done.
2020-11-20 18:29:04,474:INFO: Starting evaluation
2020-11-20 18:29:19,669:INFO: - Eval metrics : accuracy: 0.677 ; f1_micro: 0.677 ; f1_macro: 0.542 ; precision: 0.677 ; recall: 0.677 ; loss: 1.003
2020-11-20 18:30:01,712:INFO: Creating the dataset...
2020-11-20 18:30:01,805:INFO: - done.
2020-11-20 18:30:01,808:INFO: Starting evaluation
2020-11-20 18:31:26,674:INFO: - Eval metrics : accuracy: 0.677 ; f1_micro: 0.677 ; f1_macro: 0.534 ; precision: 0.677 ; recall: 0.677 ; loss: 0.984
2020-11-20 18:36:32,306:INFO: Creating the dataset...
2020-11-20 18:36:32,388:INFO: - done.
2020-11-20 18:36:32,390:INFO: Starting evaluation
2020-11-20 18:37:45,151:INFO: - Eval metrics : accuracy: 0.677 ; f1_micro: 0.677 ; f1_macro: 0.534 ; precision: 0.677 ; recall: 0.677 ; loss: 0.984
2020-11-20 18:37:47,116:INFO: Creating the dataset...
2020-11-20 18:37:47,206:INFO: - done.
2020-11-20 18:37:47,208:INFO: Starting evaluation
2020-11-20 18:38:47,782:INFO: - Eval metrics : accuracy: 0.676 ; f1_micro: 0.676 ; f1_macro: 0.534 ; precision: 0.676 ; recall: 0.676 ; loss: 0.975
2020-11-20 18:38:49,770:INFO: Creating the dataset...
2020-11-20 18:38:49,863:INFO: - done.
2020-11-20 18:38:49,865:INFO: Starting evaluation
2020-11-20 18:40:02,075:INFO: - Eval metrics : accuracy: 0.675 ; f1_micro: 0.675 ; f1_macro: 0.532 ; precision: 0.675 ; recall: 0.675 ; loss: 0.986
2020-11-22 03:43:58,665:INFO: Creating the dataset...
2020-11-22 03:43:58,754:INFO: - done.
2020-11-22 03:43:58,757:INFO: Starting evaluation
2020-11-22 03:44:42,823:INFO: Creating the dataset...
2020-11-22 03:44:42,918:INFO: - done.
2020-11-22 03:44:42,920:INFO: Starting evaluation
2020-11-23 01:13:12,808:INFO: Creating the dataset...
2020-11-23 01:13:12,917:INFO: - done.
2020-11-23 01:13:37,581:INFO: Creating the dataset...
2020-11-23 01:13:37,697:INFO: - done.
2020-11-23 01:13:38,531:INFO: Starting evaluation
2020-11-23 01:15:31,480:INFO: Creating the dataset...
2020-11-23 01:15:31,587:INFO: - done.
2020-11-23 01:15:32,376:INFO: Starting evaluation
2020-11-23 01:16:24,985:INFO: Creating the dataset...
2020-11-23 01:16:25,113:INFO: - done.
2020-11-23 01:16:26,152:INFO: Starting evaluation
2020-11-23 01:16:40,215:INFO: Creating the dataset...
2020-11-23 01:16:40,337:INFO: - done.
2020-11-23 01:16:40,971:INFO: Starting evaluation
2020-11-23 01:17:24,943:INFO: Creating the dataset...
2020-11-23 01:17:25,077:INFO: - done.
2020-11-23 01:17:26,156:INFO: Starting evaluation
