2020-11-17 17:53:41,122:INFO: Loading the datasets...
2020-11-17 17:53:41,744:INFO: - done.
2020-11-17 17:53:41,752:INFO: Starting training for 30 epoch(s)
2020-11-17 17:53:41,752:INFO: Epoch 1/30
2020-11-17 17:55:56,896:INFO: Loading the datasets...
2020-11-17 17:55:57,532:INFO: - done.
2020-11-17 17:55:57,538:INFO: Starting training for 30 epoch(s)
2020-11-17 17:55:57,538:INFO: Epoch 1/30
2020-11-17 23:04:50,148:INFO: Loading the datasets...
2020-11-17 23:04:50,623:INFO: - done.
2020-11-17 23:05:01,069:INFO: Starting training for 50 epoch(s)
2020-11-17 23:05:01,069:INFO: Epoch 1/50
2020-11-17 23:05:32,252:INFO: Loading the datasets...
2020-11-17 23:05:32,732:INFO: - done.
2020-11-17 23:05:37,302:INFO: Starting training for 50 epoch(s)
2020-11-17 23:05:37,302:INFO: Epoch 1/50
2020-11-17 23:06:02,573:INFO: Loading the datasets...
2020-11-17 23:06:03,064:INFO: - done.
2020-11-17 23:06:07,585:INFO: Starting training for 50 epoch(s)
2020-11-17 23:06:07,585:INFO: Epoch 1/50
2020-11-17 23:11:09,982:INFO: - Train metrics: accuracy: 0.380 ; loss: 1.673
2020-11-17 23:11:36,956:INFO: - Eval metrics : accuracy: 0.396 ; loss: 1.712
2020-11-17 23:11:36,963:INFO: - Found new best accuracy
2020-11-17 23:11:36,964:INFO: Epoch 2/50
2020-11-17 23:16:36,850:INFO: - Train metrics: accuracy: 0.400 ; loss: 1.615
2020-11-17 23:17:03,649:INFO: - Eval metrics : accuracy: 0.421 ; loss: 1.613
2020-11-17 23:17:03,657:INFO: - Found new best accuracy
2020-11-17 23:17:03,658:INFO: Epoch 3/50
2020-11-17 23:22:02,038:INFO: - Train metrics: accuracy: 0.480 ; loss: 1.508
2020-11-17 23:22:28,447:INFO: - Eval metrics : accuracy: 0.376 ; loss: 1.861
2020-11-17 23:22:28,454:INFO: Epoch 4/50
2020-11-17 23:27:21,156:INFO: - Train metrics: accuracy: 0.430 ; loss: 1.458
2020-11-17 23:27:47,063:INFO: - Eval metrics : accuracy: 0.452 ; loss: 1.446
2020-11-17 23:27:47,071:INFO: - Found new best accuracy
2020-11-17 23:27:47,072:INFO: Epoch 5/50
2020-11-17 23:32:36,488:INFO: - Train metrics: accuracy: 0.500 ; loss: 1.515
2020-11-17 23:33:02,502:INFO: - Eval metrics : accuracy: 0.462 ; loss: 1.432
2020-11-17 23:33:02,510:INFO: - Found new best accuracy
2020-11-17 23:33:02,510:INFO: Epoch 6/50
2020-11-17 23:37:51,276:INFO: - Train metrics: accuracy: 0.480 ; loss: 1.453
2020-11-17 23:38:17,048:INFO: - Eval metrics : accuracy: 0.468 ; loss: 1.409
2020-11-17 23:38:17,056:INFO: - Found new best accuracy
2020-11-17 23:38:17,057:INFO: Epoch 7/50
2020-11-17 23:43:04,622:INFO: - Train metrics: accuracy: 0.470 ; loss: 1.441
2020-11-17 23:43:30,556:INFO: - Eval metrics : accuracy: 0.470 ; loss: 1.414
2020-11-17 23:43:30,565:INFO: - Found new best accuracy
2020-11-17 23:43:30,565:INFO: Epoch 8/50
2020-11-17 23:48:22,050:INFO: - Train metrics: accuracy: 0.480 ; loss: 1.366
2020-11-17 23:48:48,857:INFO: - Eval metrics : accuracy: 0.510 ; loss: 1.360
2020-11-17 23:48:48,866:INFO: - Found new best accuracy
2020-11-17 23:48:48,866:INFO: Epoch 9/50
2020-11-17 23:53:44,596:INFO: - Train metrics: accuracy: 0.500 ; loss: 1.419
2020-11-17 23:54:10,929:INFO: - Eval metrics : accuracy: 0.483 ; loss: 1.464
2020-11-17 23:54:10,937:INFO: Epoch 10/50
2020-11-17 23:59:04,735:INFO: - Train metrics: accuracy: 0.500 ; loss: 1.395
2020-11-17 23:59:31,093:INFO: - Eval metrics : accuracy: 0.517 ; loss: 1.359
2020-11-17 23:59:31,101:INFO: - Found new best accuracy
2020-11-17 23:59:31,102:INFO: Epoch 11/50
2020-11-18 00:04:21,170:INFO: - Train metrics: accuracy: 0.560 ; loss: 1.285
2020-11-18 00:04:46,783:INFO: - Eval metrics : accuracy: 0.515 ; loss: 1.364
2020-11-18 00:04:46,789:INFO: Epoch 12/50
2020-11-18 00:09:31,348:INFO: - Train metrics: accuracy: 0.540 ; loss: 1.288
2020-11-18 00:09:56,727:INFO: - Eval metrics : accuracy: 0.531 ; loss: 1.308
2020-11-18 00:09:56,736:INFO: - Found new best accuracy
2020-11-18 00:09:56,737:INFO: Epoch 13/50
2020-11-18 00:14:38,707:INFO: - Train metrics: accuracy: 0.550 ; loss: 1.264
2020-11-18 00:15:03,780:INFO: - Eval metrics : accuracy: 0.530 ; loss: 1.320
2020-11-18 00:15:03,786:INFO: Epoch 14/50
2020-11-18 00:19:42,305:INFO: - Train metrics: accuracy: 0.560 ; loss: 1.192
2020-11-18 00:20:06,933:INFO: - Eval metrics : accuracy: 0.546 ; loss: 1.279
2020-11-18 00:20:06,941:INFO: - Found new best accuracy
2020-11-18 00:20:06,942:INFO: Epoch 15/50
2020-11-18 00:24:44,884:INFO: - Train metrics: accuracy: 0.580 ; loss: 1.155
2020-11-18 00:25:09,987:INFO: - Eval metrics : accuracy: 0.514 ; loss: 1.355
2020-11-18 00:25:09,993:INFO: Epoch 16/50
2020-11-18 00:30:03,431:INFO: - Train metrics: accuracy: 0.560 ; loss: 1.224
2020-11-18 00:30:30,282:INFO: - Eval metrics : accuracy: 0.538 ; loss: 1.281
2020-11-18 00:30:30,288:INFO: Epoch 17/50
2020-11-18 00:35:32,678:INFO: - Train metrics: accuracy: 0.570 ; loss: 1.145
2020-11-18 00:35:59,897:INFO: - Eval metrics : accuracy: 0.560 ; loss: 1.230
2020-11-18 00:35:59,906:INFO: - Found new best accuracy
2020-11-18 00:35:59,906:INFO: Epoch 18/50
2020-11-18 00:41:08,370:INFO: - Train metrics: accuracy: 0.610 ; loss: 1.082
2020-11-18 00:41:35,948:INFO: - Eval metrics : accuracy: 0.567 ; loss: 1.199
2020-11-18 00:41:35,957:INFO: - Found new best accuracy
2020-11-18 00:41:35,958:INFO: Epoch 19/50
2020-11-18 00:46:46,016:INFO: - Train metrics: accuracy: 0.600 ; loss: 1.117
2020-11-18 00:47:14,043:INFO: - Eval metrics : accuracy: 0.558 ; loss: 1.219
2020-11-18 00:47:14,050:INFO: Epoch 20/50
2020-11-18 00:52:20,584:INFO: - Train metrics: accuracy: 0.620 ; loss: 1.207
2020-11-18 00:52:47,272:INFO: - Eval metrics : accuracy: 0.544 ; loss: 1.237
2020-11-18 00:52:47,279:INFO: Epoch 21/50
2020-11-18 00:57:40,598:INFO: - Train metrics: accuracy: 0.570 ; loss: 1.080
2020-11-18 00:58:06,401:INFO: - Eval metrics : accuracy: 0.562 ; loss: 1.185
2020-11-18 00:58:06,407:INFO: Epoch 22/50
2020-11-18 01:02:52,007:INFO: - Train metrics: accuracy: 0.610 ; loss: 1.105
2020-11-18 01:03:17,586:INFO: - Eval metrics : accuracy: 0.566 ; loss: 1.164
2020-11-18 01:03:17,592:INFO: Epoch 23/50
2020-11-18 01:08:04,644:INFO: - Train metrics: accuracy: 0.600 ; loss: 1.127
2020-11-18 01:08:30,374:INFO: - Eval metrics : accuracy: 0.591 ; loss: 1.148
2020-11-18 01:08:30,382:INFO: - Found new best accuracy
2020-11-18 01:08:30,383:INFO: Epoch 24/50
2020-11-18 01:13:18,392:INFO: - Train metrics: accuracy: 0.580 ; loss: 1.056
2020-11-18 01:13:44,262:INFO: - Eval metrics : accuracy: 0.580 ; loss: 1.195
2020-11-18 01:13:44,268:INFO: Epoch 25/50
2020-11-18 01:18:32,709:INFO: - Train metrics: accuracy: 0.610 ; loss: 1.060
2020-11-18 01:18:58,579:INFO: - Eval metrics : accuracy: 0.588 ; loss: 1.137
2020-11-18 01:18:58,587:INFO: Epoch 26/50
2020-11-18 01:23:41,267:INFO: - Train metrics: accuracy: 0.630 ; loss: 1.029
2020-11-18 01:24:06,614:INFO: - Eval metrics : accuracy: 0.575 ; loss: 1.126
2020-11-18 01:24:06,620:INFO: Epoch 27/50
2020-11-18 01:28:50,071:INFO: - Train metrics: accuracy: 0.660 ; loss: 1.009
2020-11-18 01:29:15,440:INFO: - Eval metrics : accuracy: 0.580 ; loss: 1.157
2020-11-18 01:29:15,447:INFO: Epoch 28/50
2020-11-18 01:33:55,585:INFO: - Train metrics: accuracy: 0.690 ; loss: 0.982
2020-11-18 01:34:20,899:INFO: - Eval metrics : accuracy: 0.576 ; loss: 1.172
2020-11-18 01:34:20,906:INFO: Epoch 29/50
2020-11-18 01:39:19,564:INFO: - Train metrics: accuracy: 0.680 ; loss: 0.990
2020-11-18 01:39:46,723:INFO: - Eval metrics : accuracy: 0.591 ; loss: 1.135
2020-11-18 01:39:46,731:INFO: - Found new best accuracy
2020-11-18 01:39:46,732:INFO: Epoch 30/50
2020-11-18 01:44:55,964:INFO: - Train metrics: accuracy: 0.650 ; loss: 1.024
2020-11-18 01:45:23,849:INFO: - Eval metrics : accuracy: 0.590 ; loss: 1.137
2020-11-18 01:45:23,856:INFO: Epoch 31/50
2020-11-18 01:50:33,582:INFO: - Train metrics: accuracy: 0.630 ; loss: 1.049
2020-11-18 01:51:01,133:INFO: - Eval metrics : accuracy: 0.612 ; loss: 1.132
2020-11-18 01:51:01,141:INFO: - Found new best accuracy
2020-11-18 01:51:01,142:INFO: Epoch 32/50
2020-11-18 01:56:11,442:INFO: - Train metrics: accuracy: 0.630 ; loss: 1.028
2020-11-18 01:56:39,078:INFO: - Eval metrics : accuracy: 0.618 ; loss: 1.098
2020-11-18 01:56:39,087:INFO: - Found new best accuracy
2020-11-18 01:56:39,087:INFO: Epoch 33/50
2020-11-18 02:01:49,474:INFO: - Train metrics: accuracy: 0.630 ; loss: 1.015
2020-11-18 02:02:17,024:INFO: - Eval metrics : accuracy: 0.622 ; loss: 1.082
2020-11-18 02:02:17,032:INFO: - Found new best accuracy
2020-11-18 02:02:17,033:INFO: Epoch 34/50
2020-11-18 02:07:28,122:INFO: - Train metrics: accuracy: 0.630 ; loss: 0.984
2020-11-18 02:07:55,859:INFO: - Eval metrics : accuracy: 0.631 ; loss: 1.084
2020-11-18 02:07:55,867:INFO: - Found new best accuracy
2020-11-18 02:07:55,868:INFO: Epoch 35/50
2020-11-18 02:13:07,136:INFO: - Train metrics: accuracy: 0.670 ; loss: 0.900
2020-11-18 02:13:34,671:INFO: - Eval metrics : accuracy: 0.629 ; loss: 1.078
2020-11-18 02:13:34,677:INFO: Epoch 36/50
2020-11-18 02:18:43,955:INFO: - Train metrics: accuracy: 0.680 ; loss: 0.894
2020-11-18 02:19:11,437:INFO: - Eval metrics : accuracy: 0.630 ; loss: 1.063
2020-11-18 02:19:11,443:INFO: Epoch 37/50
2020-11-18 02:24:22,539:INFO: - Train metrics: accuracy: 0.680 ; loss: 1.021
2020-11-18 02:24:50,283:INFO: - Eval metrics : accuracy: 0.620 ; loss: 1.082
2020-11-18 02:24:50,290:INFO: Epoch 38/50
2020-11-18 02:30:02,724:INFO: - Train metrics: accuracy: 0.650 ; loss: 0.946
2020-11-18 02:30:30,415:INFO: - Eval metrics : accuracy: 0.637 ; loss: 1.068
2020-11-18 02:30:30,423:INFO: - Found new best accuracy
2020-11-18 02:30:30,424:INFO: Epoch 39/50
2020-11-18 02:35:41,240:INFO: - Train metrics: accuracy: 0.660 ; loss: 0.945
2020-11-18 02:36:08,989:INFO: - Eval metrics : accuracy: 0.639 ; loss: 1.104
2020-11-18 02:36:08,997:INFO: - Found new best accuracy
2020-11-18 02:36:08,998:INFO: Epoch 40/50
2020-11-18 02:41:20,303:INFO: - Train metrics: accuracy: 0.680 ; loss: 0.907
2020-11-18 02:41:48,190:INFO: - Eval metrics : accuracy: 0.647 ; loss: 1.044
2020-11-18 02:41:48,198:INFO: - Found new best accuracy
2020-11-18 02:41:48,198:INFO: Epoch 41/50
2020-11-18 02:47:01,922:INFO: - Train metrics: accuracy: 0.690 ; loss: 0.895
2020-11-18 02:47:30,140:INFO: - Eval metrics : accuracy: 0.618 ; loss: 1.079
2020-11-18 02:47:30,146:INFO: Epoch 42/50
2020-11-18 02:52:45,915:INFO: - Train metrics: accuracy: 0.700 ; loss: 0.898
2020-11-18 02:53:13,804:INFO: - Eval metrics : accuracy: 0.631 ; loss: 1.055
2020-11-18 02:53:13,810:INFO: Epoch 43/50
2020-11-18 02:58:29,556:INFO: - Train metrics: accuracy: 0.690 ; loss: 0.875
2020-11-18 02:58:57,864:INFO: - Eval metrics : accuracy: 0.634 ; loss: 1.068
2020-11-18 02:58:57,871:INFO: Epoch 44/50
2020-11-18 03:04:12,536:INFO: - Train metrics: accuracy: 0.740 ; loss: 0.816
2020-11-18 03:04:40,665:INFO: - Eval metrics : accuracy: 0.634 ; loss: 1.069
2020-11-18 03:04:40,672:INFO: Epoch 45/50
2020-11-18 03:09:52,833:INFO: - Train metrics: accuracy: 0.690 ; loss: 0.838
2020-11-18 03:10:20,353:INFO: - Eval metrics : accuracy: 0.616 ; loss: 1.142
2020-11-18 03:10:20,360:INFO: Epoch 46/50
2020-11-18 03:15:23,980:INFO: - Train metrics: accuracy: 0.700 ; loss: 0.852
2020-11-18 03:15:49,940:INFO: - Eval metrics : accuracy: 0.645 ; loss: 1.063
2020-11-18 03:15:49,947:INFO: Epoch 47/50
2020-11-18 03:20:35,040:INFO: - Train metrics: accuracy: 0.660 ; loss: 0.886
2020-11-18 03:20:59,968:INFO: - Eval metrics : accuracy: 0.632 ; loss: 1.075
2020-11-18 03:20:59,974:INFO: Epoch 48/50
2020-11-18 03:25:37,203:INFO: - Train metrics: accuracy: 0.720 ; loss: 0.828
2020-11-18 03:26:01,856:INFO: - Eval metrics : accuracy: 0.632 ; loss: 1.075
2020-11-18 03:26:01,862:INFO: Epoch 49/50
2020-11-18 03:30:37,981:INFO: - Train metrics: accuracy: 0.740 ; loss: 0.794
2020-11-18 03:31:02,450:INFO: - Eval metrics : accuracy: 0.634 ; loss: 1.081
2020-11-18 03:31:02,455:INFO: Epoch 50/50
2020-11-18 03:35:37,821:INFO: - Train metrics: accuracy: 0.740 ; loss: 0.775
2020-11-18 03:36:02,388:INFO: - Eval metrics : accuracy: 0.640 ; loss: 1.072
