2020-11-15 01:04:04,059:INFO: Loading the datasets...
2020-11-15 01:04:04,477:INFO: - done.
2020-11-15 01:04:08,001:INFO: Starting training for 20 epoch(s)
2020-11-15 01:04:08,001:INFO: Epoch 1/20
2020-11-15 01:04:18,530:INFO: - Train metrics: accuracy: 0.290 ; loss: 2.056
2020-11-15 01:04:18,851:INFO: - Eval metrics : accuracy: 0.275 ; loss: 2.013
2020-11-15 01:04:18,853:INFO: - Found new best accuracy
2020-11-15 01:04:18,853:INFO: Epoch 2/20
2020-11-15 01:04:29,559:INFO: - Train metrics: accuracy: 0.300 ; loss: 1.903
2020-11-15 01:04:29,940:INFO: - Eval metrics : accuracy: 0.275 ; loss: 1.992
2020-11-15 01:04:29,947:INFO: - Found new best accuracy
2020-11-15 01:04:29,949:INFO: Epoch 3/20
2020-11-15 01:04:40,252:INFO: - Train metrics: accuracy: 0.300 ; loss: 1.880
2020-11-15 01:04:40,579:INFO: - Eval metrics : accuracy: 0.275 ; loss: 1.989
2020-11-15 01:04:40,586:INFO: - Found new best accuracy
2020-11-15 01:04:40,589:INFO: Epoch 4/20
2020-11-15 01:04:51,018:INFO: - Train metrics: accuracy: 0.300 ; loss: 1.874
2020-11-15 01:04:51,350:INFO: - Eval metrics : accuracy: 0.275 ; loss: 1.989
2020-11-15 01:04:51,354:INFO: - Found new best accuracy
2020-11-15 01:04:51,357:INFO: Epoch 5/20
2020-11-15 01:05:01,963:INFO: - Train metrics: accuracy: 0.300 ; loss: 1.872
2020-11-15 01:05:02,339:INFO: - Eval metrics : accuracy: 0.275 ; loss: 1.989
2020-11-15 01:05:02,345:INFO: - Found new best accuracy
2020-11-15 01:05:02,348:INFO: Epoch 6/20
2020-11-15 01:05:12,731:INFO: - Train metrics: accuracy: 0.300 ; loss: 1.871
2020-11-15 01:05:13,058:INFO: - Eval metrics : accuracy: 0.275 ; loss: 1.989
2020-11-15 01:05:13,065:INFO: - Found new best accuracy
2020-11-15 01:05:13,067:INFO: Epoch 7/20
2020-11-15 01:05:23,417:INFO: - Train metrics: accuracy: 0.300 ; loss: 1.871
2020-11-15 01:05:23,745:INFO: - Eval metrics : accuracy: 0.275 ; loss: 1.989
2020-11-15 01:05:23,751:INFO: - Found new best accuracy
2020-11-15 01:05:23,754:INFO: Epoch 8/20
2020-11-15 01:05:34,289:INFO: - Train metrics: accuracy: 0.300 ; loss: 1.870
2020-11-15 01:05:34,612:INFO: - Eval metrics : accuracy: 0.275 ; loss: 1.989
2020-11-15 01:05:34,617:INFO: - Found new best accuracy
2020-11-15 01:05:34,619:INFO: Epoch 9/20
2020-11-15 01:05:45,096:INFO: - Train metrics: accuracy: 0.300 ; loss: 1.870
2020-11-15 01:05:45,419:INFO: - Eval metrics : accuracy: 0.275 ; loss: 1.989
2020-11-15 01:05:45,424:INFO: - Found new best accuracy
2020-11-15 01:05:45,428:INFO: Epoch 10/20
2020-11-15 01:05:55,807:INFO: - Train metrics: accuracy: 0.300 ; loss: 1.870
2020-11-15 01:05:56,132:INFO: - Eval metrics : accuracy: 0.275 ; loss: 1.989
2020-11-15 01:05:56,137:INFO: - Found new best accuracy
2020-11-15 01:05:56,142:INFO: Epoch 11/20
2020-11-15 01:06:06,403:INFO: - Train metrics: accuracy: 0.300 ; loss: 1.870
2020-11-15 01:06:06,726:INFO: - Eval metrics : accuracy: 0.275 ; loss: 1.989
2020-11-15 01:06:06,732:INFO: - Found new best accuracy
2020-11-15 01:06:06,734:INFO: Epoch 12/20
2020-11-15 01:06:17,165:INFO: - Train metrics: accuracy: 0.300 ; loss: 1.870
2020-11-15 01:06:17,489:INFO: - Eval metrics : accuracy: 0.275 ; loss: 1.989
2020-11-15 01:06:17,496:INFO: - Found new best accuracy
2020-11-15 01:06:17,499:INFO: Epoch 13/20
2020-11-15 01:06:27,466:INFO: - Train metrics: accuracy: 0.300 ; loss: 1.870
2020-11-15 01:06:27,792:INFO: - Eval metrics : accuracy: 0.275 ; loss: 1.989
2020-11-15 01:06:27,797:INFO: - Found new best accuracy
2020-11-15 01:06:27,801:INFO: Epoch 14/20
2020-11-15 01:06:37,627:INFO: - Train metrics: accuracy: 0.300 ; loss: 1.870
2020-11-15 01:06:37,958:INFO: - Eval metrics : accuracy: 0.275 ; loss: 1.989
2020-11-15 01:06:37,962:INFO: - Found new best accuracy
2020-11-15 01:06:37,964:INFO: Epoch 15/20
2020-11-15 01:06:47,799:INFO: - Train metrics: accuracy: 0.300 ; loss: 1.870
2020-11-15 01:06:48,125:INFO: - Eval metrics : accuracy: 0.275 ; loss: 1.989
2020-11-15 01:06:48,130:INFO: - Found new best accuracy
2020-11-15 01:06:48,132:INFO: Epoch 16/20
2020-11-15 01:06:57,973:INFO: - Train metrics: accuracy: 0.300 ; loss: 1.870
2020-11-15 01:06:58,302:INFO: - Eval metrics : accuracy: 0.275 ; loss: 1.989
2020-11-15 01:06:58,307:INFO: - Found new best accuracy
2020-11-15 01:06:58,310:INFO: Epoch 17/20
2020-11-15 01:07:08,128:INFO: - Train metrics: accuracy: 0.300 ; loss: 1.870
2020-11-15 01:07:08,447:INFO: - Eval metrics : accuracy: 0.275 ; loss: 1.989
2020-11-15 01:07:08,453:INFO: - Found new best accuracy
2020-11-15 01:07:08,455:INFO: Epoch 18/20
2020-11-15 01:07:18,214:INFO: - Train metrics: accuracy: 0.300 ; loss: 1.870
2020-11-15 01:07:18,538:INFO: - Eval metrics : accuracy: 0.275 ; loss: 1.989
2020-11-15 01:07:18,543:INFO: - Found new best accuracy
2020-11-15 01:07:18,545:INFO: Epoch 19/20
2020-11-15 01:07:28,431:INFO: - Train metrics: accuracy: 0.300 ; loss: 1.870
2020-11-15 01:07:28,802:INFO: - Eval metrics : accuracy: 0.275 ; loss: 1.989
2020-11-15 01:07:28,808:INFO: - Found new best accuracy
2020-11-15 01:07:28,810:INFO: Epoch 20/20
2020-11-15 01:07:38,613:INFO: - Train metrics: accuracy: 0.300 ; loss: 1.870
2020-11-15 01:07:38,931:INFO: - Eval metrics : accuracy: 0.275 ; loss: 1.989
2020-11-15 01:07:38,936:INFO: - Found new best accuracy
